#
# A fatal error has been detected by the Java Runtime Environment:
#
#  SIGSEGV (0xb) at pc=0x000000018a8dca34, pid=70074, tid=0x0000000000000f03
#
# JRE version: Java(TM) SE Runtime Environment (8.0_291-b10) (build 1.8.0_291-b10)
# Java VM: Java HotSpot(TM) 64-Bit Server VM (25.291-b10 mixed mode bsd-amd64 compressed oops)
# Problematic frame:
# C  [libswscale.6.dylib+0x8ca34]  sws_getCachedContext+0x1874
#
# Failed to write core dump. Core dumps have been disabled. To enable core dumping, try "ulimit -c unlimited" before starting Java again
#
# If you would like to submit a bug report, please visit:
#   http://bugreport.java.com/bugreport/crash.jsp
# The crash happened outside the Java Virtual Machine in native code.
# See problematic frame for where to report the bug.
#

---------------  T H R E A D  ---------------

Current thread (0x00007fb703808800):  JavaThread "main" [_thread_in_native, id=3843, stack(0x000070000ed2f000,0x000070000ee2f000)]

siginfo: si_signo: 11 (SIGSEGV), si_code: 1 (SEGV_MAPERR), si_addr: 0x00007fb70ed2f000

Registers:
RAX=0x000000018a8dca90, RBX=0x00000000000002cf, RCX=0x00007fb70ed2e100, RDX=0x00007fb70ed2e100
RSP=0x000070000ee2e388, RBP=0x0000000000000000, RSI=0x00007fb70ed2efe8, RDI=0x00007fb70e1d2600
R8 =0xfffffffffffffff0, R9 =0x00007fb70cab2a30, R10=0x00007fb70caa9000, R11=0x0000000000000006
R12=0x0000000000000002, R13=0x00007fb70caa9000, R14=0x0000000000001668, R15=0x00007fb70c872d00
RIP=0x000000018a8dca34, EFLAGS=0x0000000000010286, ERR=0x0000000000000004
  TRAPNO=0x000000000000000e

Top of Stack: (sp=0x000070000ee2e388)
0x000070000ee2e388:   000000018a854b63 000000018a91ea08
0x000070000ee2e398:   0000000300000500 00007fb70cab2a30
0x000070000ee2e3a8:   00007fb70cab2a30 00000000000002cd
0x000070000ee2e3b8:   0000000000000002 00007fb70ed2e100
0x000070000ee2e3c8:   00007fb70ed2e100 00007fb70ed2e100
0x000070000ee2e3d8:   00007fb70ed2e100 d720d0de149f0002
0x000070000ee2e3e8:   00007fb70caa9000 00000000000002cd
0x000070000ee2e3f8:   0000000000000003 00007fb70c872d00
0x000070000ee2e408:   00000000000002cd 0000000000000002
0x000070000ee2e418:   000000018a8ad387 0000000000000000
0x000070000ee2e428:   0000000000000096 0000000000000000
0x000070000ee2e438:   0000000000000000 00007fb70caa9000
0x000070000ee2e448:   0000012c00000000 00000000000002cd
0x000070000ee2e458:   0000000000000000 0000000000000190
0x000070000ee2e468:   0000000000000129 00000000000002d0
0x000070000ee2e478:   00000000000002cd 00007fb70c876ccc
0x000070000ee2e488:   0000000000000000 00000000000002ce
0x000070000ee2e498:   0000000000000000 0000000000000000
0x000070000ee2e4a8:   00000001000002d0 000000c800000190
0x000070000ee2e4b8:   00000000000000c8 0000000000000000
0x000070000ee2e4c8:   0000000000000000 00000f0000000f00
0x000070000ee2e4d8:   00000f0000000f00 0000000000000000
0x000070000ee2e4e8:   0000000000000000 000002d0000002d0
0x000070000ee2e4f8:   00000000000002d0 0000000000000000
0x000070000ee2e508:   00000000000002ce 00000000000002d0
0x000070000ee2e518:   000002cf00000000 00000006fffffd30
0x000070000ee2e528:   0000000000000002 0000000000000201
0x000070000ee2e538:   0000000000000094 0000000000000004
0x000070000ee2e548:   0000000000000000 0000000200000002
0x000070000ee2e558:   fffffffbfffffff7 00007fb70c872d00
0x000070000ee2e568:   00007fb70c876cb0 0000000000000002
0x000070000ee2e578:   000000000000000a 0000000000000006 

Instructions: (pc=0x000000018a8dca34)
0x000000018a8dca14:   c5 79 6f 15 c4 26 04 00 4d 63 c0 4d 01 c0 4c 01
0x000000018a8dca24:   c7 49 f7 d8 c5 f9 6f 25 80 26 04 00 c5 fa 6f 06
0x000000018a8dca34:   c5 fa 6f 56 0c c4 c2 79 00 ca c4 e2 79 00 c7 c4
0x000000018a8dca44:   c2 69 00 da c4 e2 69 00 d7 48 83 c6 18 c4 c1 79 

Register to memory mapping:

RAX=0x000000018a8dca90: sws_getCachedContext+0x18d0 in /Users/xianglong/.javacpp/cache/ffmpeg-5.0-1.5.7-macosx-x86_64.jar/org/bytedeco/ffmpeg/macosx-x86_64/libswscale.6.dylib at 0x000000018a850000
RBX=0x00000000000002cf is an unknown value
RCX=0x00007fb70ed2e100 is an unknown value
RDX=0x00007fb70ed2e100 is an unknown value
RSP=0x000070000ee2e388 is pointing into the stack for thread: 0x00007fb703808800
RBP=0x0000000000000000 is an unknown value
RSI=0x00007fb70ed2efe8 is an unknown value
RDI=0x00007fb70e1d2600 is an unknown value
R8 =0xfffffffffffffff0 is an unknown value
R9 =0x00007fb70cab2a30 is an unknown value
R10=0x00007fb70caa9000 is an unknown value
R11=0x0000000000000006 is an unknown value
R12=0x0000000000000002 is an unknown value
R13=0x00007fb70caa9000 is an unknown value
R14=0x0000000000001668 is an unknown value
R15=0x00007fb70c872d00 is an unknown value


Stack: [0x000070000ed2f000,0x000070000ee2f000],  sp=0x000070000ee2e388,  free space=1020k
Native frames: (J=compiled Java code, j=interpreted, Vv=VM code, C=native code)
C  [libswscale.6.dylib+0x8ca34]  sws_getCachedContext+0x1874

Java frames: (J=compiled Java code, j=interpreted, Vv=VM code)
j  org.bytedeco.ffmpeg.global.swscale.sws_scale(Lorg/bytedeco/ffmpeg/swscale/SwsContext;Lorg/bytedeco/javacpp/PointerPointer;Lorg/bytedeco/javacpp/IntPointer;IILorg/bytedeco/javacpp/PointerPointer;Lorg/bytedeco/javacpp/IntPointer;)I+0
j  org.bytedeco.javacv.FFmpegFrameRecorder.recordImage(IIIIII[Ljava/nio/Buffer;)Z+641
j  org.bytedeco.javacv.FFmpegFrameRecorder.record(Lorg/bytedeco/javacv/Frame;I)V+70
j  org.bytedeco.javacv.FFmpegFrameRecorder.record(Lorg/bytedeco/javacv/Frame;)V+30
j  com.cas.view.PushRtmpAndFlvStream.pushCamerOrRtmp(Ljava/lang/String;Ljava/lang/Integer;Ljava/lang/Integer;Ljava/lang/Integer;)V+165
j  com.cas.view.PushRtmpAndFlvStream.main([Ljava/lang/String;)V+19
v  ~StubRoutines::call_stub

---------------  P R O C E S S  ---------------

Java Threads: ( => current thread )
  0x00007fb702b1f000 JavaThread "AWT-EventQueue-0" [_thread_blocked, id=167943, stack(0x00007000119ec000,0x0000700011aec000)]
  0x00007fb704ea7800 JavaThread "Java2D Disposer" daemon [_thread_blocked, id=136719, stack(0x00007000118e9000,0x00007000119e9000)]
  0x00007fb705577000 JavaThread "Java2D Queue Flusher" daemon [_thread_blocked, id=172039, stack(0x00007000117e6000,0x00007000118e6000)]
  0x00007fb705dba800 JavaThread "AWT-Shutdown" [_thread_blocked, id=99359, stack(0x00007000113d1000,0x00007000114d1000)]
  0x00007fb7035a5000 JavaThread "AppKit Thread" daemon [_thread_in_native, id=775, stack(0x00007ffee7b76000,0x00007ffee8376000)]
  0x00007fb704b2e000 JavaThread "JavaCPP Deallocator" daemon [_thread_blocked, id=42755, stack(0x0000700010374000,0x0000700010474000)]
  0x00007fb70583f000 JavaThread "Service Thread" daemon [_thread_blocked, id=21763, stack(0x000070001016e000,0x000070001026e000)]
  0x00007fb705836000 JavaThread "C1 CompilerThread3" daemon [_thread_blocked, id=16899, stack(0x000070001006b000,0x000070001016b000)]
  0x00007fb70482e800 JavaThread "C2 CompilerThread2" daemon [_thread_blocked, id=17411, stack(0x000070000ff68000,0x0000700010068000)]
  0x00007fb70482d800 JavaThread "C2 CompilerThread1" daemon [_thread_blocked, id=17667, stack(0x000070000fe65000,0x000070000ff65000)]
  0x00007fb70482b800 JavaThread "C2 CompilerThread0" daemon [_thread_blocked, id=18179, stack(0x000070000fd62000,0x000070000fe62000)]
  0x00007fb70480c800 JavaThread "Signal Dispatcher" daemon [_thread_blocked, id=18435, stack(0x000070000fc5f000,0x000070000fd5f000)]
  0x00007fb70480b000 JavaThread "Finalizer" daemon [_thread_blocked, id=13315, stack(0x000070000fa56000,0x000070000fb56000)]
  0x00007fb704808800 JavaThread "Reference Handler" daemon [_thread_blocked, id=12803, stack(0x000070000f953000,0x000070000fa53000)]
=>0x00007fb703808800 JavaThread "main" [_thread_in_native, id=3843, stack(0x000070000ed2f000,0x000070000ee2f000)]

Other Threads:
  0x00007fb70281a000 VMThread [stack: 0x000070000f850000,0x000070000f950000] [id=19715]
  0x00007fb703076000 WatcherThread [stack: 0x0000700010271000,0x0000700010371000] [id=43267]

VM state:not at safepoint (normal execution)

VM Mutex/Monitor currently owned by a thread: None

heap address: 0x00000006c0000000, size: 4096 MB, Compressed Oops mode: Zero based, Oop shift amount: 3
Narrow klass base: 0x0000000000000000, Narrow klass shift: 3
Compressed class space size: 1073741824 Address: 0x00000007c0000000

Heap:
 PSYoungGen      total 66048K, used 18856K [0x000000076ab00000, 0x000000076f600000, 0x00000007c0000000)
  eden space 62464K, 24% used [0x000000076ab00000,0x000000076b9eab10,0x000000076e800000)
  from space 3584K, 99% used [0x000000076f280000,0x000000076f5ff7b8,0x000000076f600000)
  to   space 4096K, 0% used [0x000000076ee00000,0x000000076ee00000,0x000000076f200000)
 ParOldGen       total 175104K, used 48K [0x00000006c0000000, 0x00000006cab00000, 0x000000076ab00000)
  object space 175104K, 0% used [0x00000006c0000000,0x00000006c000c000,0x00000006cab00000)
 Metaspace       used 17953K, capacity 18254K, committed 18432K, reserved 1067008K
  class space    used 1665K, capacity 1787K, committed 1792K, reserved 1048576K

Card table byte_map: [0x000000010a3c4000,0x000000010abc5000] byte_map_base: 0x0000000106dc4000

Marking Bits: (ParMarkBitMap*) 0x0000000109923288
 Begin Bits: [0x000000011e8b7000, 0x00000001228b7000)
 End Bits:   [0x00000001228b7000, 0x00000001268b7000)

Polling page: 0x0000000107900000

CodeCache: size=245760Kb used=5258Kb max_used=5282Kb free=240501Kb
 bounds [0x000000010f8b7000, 0x000000010fde7000, 0x000000011e8b7000]
 total_blobs=2276 nmethods=1208 adapters=982
 compilation: enabled

Compilation events (10 events):
Event: 4.359 Thread 0x00007fb70482e800 nmethod 1199 0x000000010fdc5c90 code [0x000000010fdc5f00, 0x000000010fdc75a8]
Event: 4.359 Thread 0x00007fb705836000 nmethod 1205 0x000000010fdc8450 code [0x000000010fdc8960, 0x000000010fdcbc98]
Event: 4.360 Thread 0x00007fb70482e800 1206       4       sun.net.www.protocol.file.Handler::parseURL (18 bytes)
Event: 4.361 Thread 0x00007fb70482e800 nmethod 1206 0x000000010fdbfb50 code [0x000000010fdbfca0, 0x000000010fdbfd48]
Event: 4.364 Thread 0x00007fb705836000 1207       3       org.bytedeco.javacpp.Loader::findResources (338 bytes)
Event: 4.367 Thread 0x00007fb70482b800 nmethod 1201 0x000000010fdcdad0 code [0x000000010fdcdd20, 0x000000010fdce970]
Event: 4.368 Thread 0x00007fb705836000 nmethod 1207 0x000000010fdcf650 code [0x000000010fdcfd60, 0x000000010fdd5128]
Event: 4.368 Thread 0x00007fb705836000 1208       3       java.lang.Class::getResource (26 bytes)
Event: 4.368 Thread 0x00007fb705836000 nmethod 1208 0x000000010fdc05d0 code [0x000000010fdc07c0, 0x000000010fdc0f78]
Event: 4.425 Thread 0x00007fb70482d800 nmethod 1196 0x000000010fddca50 code [0x000000010fddcf40, 0x000000010fde0040]

GC Heap History (10 events):
Event: 0.528 GC heap before
{Heap before GC invocations=2 (full 0):
 PSYoungGen      total 76288K, used 67145K [0x000000076ab00000, 0x0000000770000000, 0x00000007c0000000)
  eden space 65536K, 98% used [0x000000076ab00000,0x000000076ea36c30,0x000000076eb00000)
  from space 10752K, 22% used [0x000000076eb00000,0x000000076ed5ba98,0x000000076f580000)
  to   space 10752K, 0% used [0x000000076f580000,0x000000076f580000,0x0000000770000000)
 ParOldGen       total 175104K, used 8K [0x00000006c0000000, 0x00000006cab00000, 0x000000076ab00000)
  object space 175104K, 0% used [0x00000006c0000000,0x00000006c0002000,0x00000006cab00000)
 Metaspace       used 5078K, capacity 5606K, committed 5760K, reserved 1056768K
  class space    used 480K, capacity 529K, committed 640K, reserved 1048576K
Event: 0.529 GC heap after
Heap after GC invocations=2 (full 0):
 PSYoungGen      total 76288K, used 2737K [0x000000076ab00000, 0x0000000774000000, 0x00000007c0000000)
  eden space 65536K, 0% used [0x000000076ab00000,0x000000076ab00000,0x000000076eb00000)
  from space 10752K, 25% used [0x000000076f580000,0x000000076f82c588,0x0000000770000000)
  to   space 10752K, 0% used [0x000000076eb00000,0x000000076eb00000,0x000000076f580000)
 ParOldGen       total 175104K, used 16K [0x00000006c0000000, 0x00000006cab00000, 0x000000076ab00000)
  object space 175104K, 0% used [0x00000006c0000000,0x00000006c0004000,0x00000006cab00000)
 Metaspace       used 5078K, capacity 5606K, committed 5760K, reserved 1056768K
  class space    used 480K, capacity 529K, committed 640K, reserved 1048576K
}
Event: 0.647 GC heap before
{Heap before GC invocations=3 (full 0):
 PSYoungGen      total 76288K, used 68273K [0x000000076ab00000, 0x0000000774000000, 0x00000007c0000000)
  eden space 65536K, 100% used [0x000000076ab00000,0x000000076eb00000,0x000000076eb00000)
  from space 10752K, 25% used [0x000000076f580000,0x000000076f82c588,0x0000000770000000)
  to   space 10752K, 0% used [0x000000076eb00000,0x000000076eb00000,0x000000076f580000)
 ParOldGen       total 175104K, used 16K [0x00000006c0000000, 0x00000006cab00000, 0x000000076ab00000)
  object space 175104K, 0% used [0x00000006c0000000,0x00000006c0004000,0x00000006cab00000)
 Metaspace       used 8636K, capacity 9128K, committed 9344K, reserved 1058816K
  class space    used 488K, capacity 529K, committed 640K, reserved 1048576K
Event: 0.648 GC heap after
Heap after GC invocations=3 (full 0):
 PSYoungGen      total 76288K, used 1666K [0x000000076ab00000, 0x0000000770000000, 0x00000007c0000000)
  eden space 65536K, 0% used [0x000000076ab00000,0x000000076ab00000,0x000000076eb00000)
  from space 10752K, 15% used [0x000000076eb00000,0x000000076eca0988,0x000000076f580000)
  to   space 10752K, 0% used [0x000000076f580000,0x000000076f580000,0x0000000770000000)
 ParOldGen       total 175104K, used 24K [0x00000006c0000000, 0x00000006cab00000, 0x000000076ab00000)
  object space 175104K, 0% used [0x00000006c0000000,0x00000006c0006000,0x00000006cab00000)
 Metaspace       used 8636K, capacity 9128K, committed 9344K, reserved 1058816K
  class space    used 488K, capacity 529K, committed 640K, reserved 1048576K
}
Event: 0.809 GC heap before
{Heap before GC invocations=4 (full 0):
 PSYoungGen      total 76288K, used 67202K [0x000000076ab00000, 0x0000000770000000, 0x00000007c0000000)
  eden space 65536K, 100% used [0x000000076ab00000,0x000000076eb00000,0x000000076eb00000)
  from space 10752K, 15% used [0x000000076eb00000,0x000000076eca0988,0x000000076f580000)
  to   space 10752K, 0% used [0x000000076f580000,0x000000076f580000,0x0000000770000000)
 ParOldGen       total 175104K, used 24K [0x00000006c0000000, 0x00000006cab00000, 0x000000076ab00000)
  object space 175104K, 0% used [0x00000006c0000000,0x00000006c0006000,0x00000006cab00000)
 Metaspace       used 10842K, capacity 11112K, committed 11392K, reserved 1060864K
  class space    used 756K, capacity 785K, committed 896K, reserved 1048576K
Event: 0.810 GC heap after
Heap after GC invocations=4 (full 0):
 PSYoungGen      total 76288K, used 2894K [0x000000076ab00000, 0x0000000770000000, 0x00000007c0000000)
  eden space 65536K, 0% used [0x000000076ab00000,0x000000076ab00000,0x000000076eb00000)
  from space 10752K, 26% used [0x000000076f580000,0x000000076f853840,0x0000000770000000)
  to   space 10752K, 0% used [0x000000076eb00000,0x000000076eb00000,0x000000076f580000)
 ParOldGen       total 175104K, used 32K [0x00000006c0000000, 0x00000006cab00000, 0x000000076ab00000)
  object space 175104K, 0% used [0x00000006c0000000,0x00000006c0008000,0x00000006cab00000)
 Metaspace       used 10842K, capacity 11112K, committed 11392K, reserved 1060864K
  class space    used 756K, capacity 785K, committed 896K, reserved 1048576K
}
Event: 3.050 GC heap before
{Heap before GC invocations=5 (full 0):
 PSYoungGen      total 76288K, used 68430K [0x000000076ab00000, 0x0000000770000000, 0x00000007c0000000)
  eden space 65536K, 100% used [0x000000076ab00000,0x000000076eb00000,0x000000076eb00000)
  from space 10752K, 26% used [0x000000076f580000,0x000000076f853840,0x0000000770000000)
  to   space 10752K, 0% used [0x000000076eb00000,0x000000076eb00000,0x000000076f580000)
 ParOldGen       total 175104K, used 32K [0x00000006c0000000, 0x00000006cab00000, 0x000000076ab00000)
  object space 175104K, 0% used [0x00000006c0000000,0x00000006c0008000,0x00000006cab00000)
 Metaspace       used 11763K, capacity 12052K, committed 12160K, reserved 1060864K
  class space    used 853K, capacity 883K, committed 896K, reserved 1048576K
Event: 3.051 GC heap after
Heap after GC invocations=5 (full 0):
 PSYoungGen      total 66560K, used 2394K [0x000000076ab00000, 0x000000076f600000, 0x00000007c0000000)
  eden space 64000K, 0% used [0x000000076ab00000,0x000000076ab00000,0x000000076e980000)
  from space 2560K, 93% used [0x000000076eb00000,0x000000076ed569b8,0x000000076ed80000)
  to   space 3584K, 0% used [0x000000076f280000,0x000000076f280000,0x000000076f600000)
 ParOldGen       total 175104K, used 40K [0x00000006c0000000, 0x00000006cab00000, 0x000000076ab00000)
  object space 175104K, 0% used [0x00000006c0000000,0x00000006c000a000,0x00000006cab00000)
 Metaspace       used 11763K, capacity 12052K, committed 12160K, reserved 1060864K
  class space    used 853K, capacity 883K, committed 896K, reserved 1048576K
}
Event: 4.340 GC heap before
{Heap before GC invocations=6 (full 0):
 PSYoungGen      total 66560K, used 66394K [0x000000076ab00000, 0x000000076f600000, 0x00000007c0000000)
  eden space 64000K, 100% used [0x000000076ab00000,0x000000076e980000,0x000000076e980000)
  from space 2560K, 93% used [0x000000076eb00000,0x000000076ed569b8,0x000000076ed80000)
  to   space 3584K, 0% used [0x000000076f280000,0x000000076f280000,0x000000076f600000)
 ParOldGen       total 175104K, used 40K [0x00000006c0000000, 0x00000006cab00000, 0x000000076ab00000)
  object space 175104K, 0% used [0x00000006c0000000,0x00000006c000a000,0x00000006cab00000)
 Metaspace       used 17943K, capacity 18254K, committed 18432K, reserved 1067008K
  class space    used 1663K, capacity 1787K, committed 1792K, reserved 1048576K
Event: 4.342 GC heap after
Heap after GC invocations=6 (full 0):
 PSYoungGen      total 66048K, used 3581K [0x000000076ab00000, 0x000000076f600000, 0x00000007c0000000)
  eden space 62464K, 0% used [0x000000076ab00000,0x000000076ab00000,0x000000076e800000)
  from space 3584K, 99% used [0x000000076f280000,0x000000076f5ff7b8,0x000000076f600000)
  to   space 4096K, 0% used [0x000000076ee00000,0x000000076ee00000,0x000000076f200000)
 ParOldGen       total 175104K, used 48K [0x00000006c0000000, 0x00000006cab00000, 0x000000076ab00000)
  object space 175104K, 0% used [0x00000006c0000000,0x00000006c000c000,0x00000006cab00000)
 Metaspace       used 17943K, capacity 18254K, committed 18432K, reserved 1067008K
  class space    used 1663K, capacity 1787K, committed 1792K, reserved 1048576K
}

Deoptimization events (10 events):
Event: 3.798 Thread 0x00007fb703808800 Uncommon trap: reason=unstable_if action=reinterpret pc=0x000000010fc2c774 method=sun.misc.MetaIndex.mayContain(Ljava/lang/String;)Z @ 38
Event: 3.799 Thread 0x00007fb703808800 Uncommon trap: reason=unstable_if action=reinterpret pc=0x000000010fac33c8 method=sun.misc.MetaIndex.mayContain(Ljava/lang/String;)Z @ 38
Event: 3.805 Thread 0x00007fb703808800 Uncommon trap: reason=unstable_if action=reinterpret pc=0x000000010fc644ac method=java.lang.String.substring(I)Ljava/lang/String; @ 35
Event: 4.075 Thread 0x00007fb7035a5000 Uncommon trap: reason=unstable_if action=reinterpret pc=0x000000010fc73700 method=java.lang.ThreadLocal.get()Ljava/lang/Object; @ 11
Event: 4.094 Thread 0x00007fb705577000 Uncommon trap: reason=unstable_if action=reinterpret pc=0x000000010fbdbe68 method=java.lang.ThreadLocal.get()Ljava/lang/Object; @ 11
Event: 4.140 Thread 0x00007fb703808800 Uncommon trap: reason=unstable_if action=reinterpret pc=0x000000010faf8d84 method=java.lang.AbstractStringBuilder.append(Ljava/lang/String;)Ljava/lang/AbstractStringBuilder; @ 1
Event: 4.141 Thread 0x00007fb703808800 Uncommon trap: reason=unstable_if action=reinterpret pc=0x000000010fa8084c method=java.lang.AbstractStringBuilder.append(Ljava/lang/String;)Ljava/lang/AbstractStringBuilder; @ 1
Event: 4.144 Thread 0x00007fb703808800 Uncommon trap: reason=unstable_if action=reinterpret pc=0x000000010fadd018 method=java.util.HashMap.hash(Ljava/lang/Object;)I @ 1
Event: 4.145 Thread 0x00007fb703808800 Uncommon trap: reason=unstable_if action=reinterpret pc=0x000000010fd6d9b8 method=java.util.HashMap.hash(Ljava/lang/Object;)I @ 1
Event: 4.145 Thread 0x00007fb703808800 Uncommon trap: reason=unstable_if action=reinterpret pc=0x000000010fc97c98 method=java.util.HashMap.putVal(ILjava/lang/Object;Ljava/lang/Object;ZZ)Ljava/lang/Object; @ 81

Classes redefined (0 events):
No events

Internal exceptions (10 events):
Event: 3.831 Thread 0x00007fb703808800 Exception <a 'java/lang/NoSuchFieldError': method resolution failed> (0x000000076e12def8) thrown at [/System/Volumes/Data/jenkins/workspace/8-2-build-macosx-x86_64/jdk8u291/1294/hotspot/src/share/vm/prims/methodHandles.cpp, line 1169]
Event: 4.033 Thread 0x00007fb703808800 Exception <a 'java/io/FileNotFoundException'> (0x000000076e1a6f00) thrown at [/System/Volumes/Data/jenkins/workspace/8-2-build-macosx-x86_64/jdk8u291/1294/hotspot/src/share/vm/prims/jni.cpp, line 710]
Event: 4.033 Thread 0x00007fb703808800 Exception <a 'java/io/FileNotFoundException'> (0x000000076e1a7a88) thrown at [/System/Volumes/Data/jenkins/workspace/8-2-build-macosx-x86_64/jdk8u291/1294/hotspot/src/share/vm/prims/jni.cpp, line 710]
Event: 4.075 Thread 0x00007fb7035a5000 Implicit null exception at 0x000000010fc730b3 to 0x000000010fc736e9
Event: 4.094 Thread 0x00007fb705577000 Implicit null exception at 0x000000010fbdbd7c to 0x000000010fbdbe55
Event: 4.140 Thread 0x00007fb703808800 Implicit null exception at 0x000000010faf89b5 to 0x000000010faf8d71
Event: 4.141 Thread 0x00007fb703808800 Implicit null exception at 0x000000010fa80476 to 0x000000010fa80835
Event: 4.144 Thread 0x00007fb703808800 Implicit null exception at 0x000000010fadcdf5 to 0x000000010fadd009
Event: 4.145 Thread 0x00007fb703808800 Implicit null exception at 0x000000010fd6d29b to 0x000000010fd6d99d
Event: 4.343 Thread 0x00007fb70480b000 Exception <a 'java/lang/NullPointerException'> (0x000000076ac313d8) thrown at [/System/Volumes/Data/jenkins/workspace/8-2-build-macosx-x86_64/jdk8u291/1294/hotspot/src/share/vm/interpreter/linkResolver.cpp, line 1185]

Events (10 events):
Event: 4.340 Executing VM operation: ParallelGCFailedAllocation
Event: 4.343 Executing VM operation: ParallelGCFailedAllocation done
Event: 4.346 Thread 0x00007fb703808800 DEOPT PACKING pc=0x000000010fc746eb sp=0x000070000ee2cfb0
Event: 4.346 Thread 0x00007fb703808800 DEOPT UNPACKING pc=0x000000010f8fe784 sp=0x000070000ee2cce8 mode 0
Event: 4.368 loading class org/bytedeco/ffmpeg/swscale/SwsContext
Event: 4.368 loading class org/bytedeco/ffmpeg/swscale/SwsContext done
Event: 4.368 loading class org/bytedeco/ffmpeg/swscale/SwsVector
Event: 4.368 loading class org/bytedeco/ffmpeg/swscale/SwsVector done
Event: 4.369 loading class org/bytedeco/ffmpeg/swscale/SwsFilter
Event: 4.369 loading class org/bytedeco/ffmpeg/swscale/SwsFilter done


Dynamic libraries:
0x00007fff38a2f000 	/System/Library/Frameworks/Cocoa.framework/Versions/A/Cocoa
0x00007fff46226000 	/System/Library/Frameworks/Security.framework/Versions/A/Security
0x00007fff37994000 	/System/Library/Frameworks/ApplicationServices.framework/Versions/A/ApplicationServices
0x00007fff72f2a000 	/usr/lib/libz.1.dylib
0x00007fff709ee000 	/usr/lib/libSystem.B.dylib
0x00007fff398d1000 	/System/Library/Frameworks/CoreFoundation.framework/Versions/A/CoreFoundation
0x00007fff3bf8e000 	/System/Library/Frameworks/Foundation.framework/Versions/C/Foundation
0x00007fff7284e000 	/usr/lib/libobjc.A.dylib
0x00007fff36b84000 	/System/Library/Frameworks/AppKit.framework/Versions/C/AppKit
0x00007fff393b3000 	/System/Library/Frameworks/CoreData.framework/Versions/A/CoreData
0x00007fff6aa03000 	/System/Library/PrivateFrameworks/UIFoundation.framework/Versions/A/UIFoundation
0x00007fff65a97000 	/System/Library/PrivateFrameworks/RemoteViewServices.framework/Versions/A/RemoteViewServices
0x00007fff6d55e000 	/System/Library/PrivateFrameworks/XCTTargetBootstrap.framework/Versions/A/XCTTargetBootstrap
0x00007fff3979e000 	/System/Library/Frameworks/CoreDisplay.framework/Versions/A/CoreDisplay
0x00007fff3ee49000 	/System/Library/Frameworks/Metal.framework/Versions/A/Metal
0x00007fff53a40000 	/System/Library/PrivateFrameworks/DesktopServicesPriv.framework/Versions/A/DesktopServicesPriv
0x00007fff71b29000 	/usr/lib/liblangid.dylib
0x00007fff52cd5000 	/System/Library/PrivateFrameworks/CoreSVG.framework/Versions/A/CoreSVG
0x00007fff68bf3000 	/System/Library/PrivateFrameworks/SkyLight.framework/Versions/A/SkyLight
0x00007fff39d52000 	/System/Library/Frameworks/CoreGraphics.framework/Versions/A/CoreGraphics
0x00007fff35558000 	/System/Library/Frameworks/Accelerate.framework/Versions/A/Accelerate
0x00007fff72e1b000 	/usr/lib/libxml2.2.dylib
0x00007fff5e9de000 	/System/Library/PrivateFrameworks/IconServices.framework/Versions/A/IconServices
0x00007fff3c76d000 	/System/Library/Frameworks/IOSurface.framework/Versions/A/IOSurface
0x00007fff70518000 	/usr/lib/libDiagnosticMessagesClient.dylib
0x00007fff5389a000 	/System/Library/PrivateFrameworks/DFRFoundation.framework/Versions/A/DFRFoundation
0x00007fff718b8000 	/usr/lib/libicucore.A.dylib
0x00007fff37cc6000 	/System/Library/Frameworks/AudioToolbox.framework/Versions/A/AudioToolbox
0x00007fff37da9000 	/System/Library/Frameworks/AudioUnit.framework/Versions/A/AudioUnit
0x00007fff70bf0000 	/usr/lib/libauto.dylib
0x00007fff5393c000 	/System/Library/PrivateFrameworks/DataDetectorsCore.framework/Versions/A/DataDetectorsCore
0x00007fff38550000 	/System/Library/Frameworks/Carbon.framework/Versions/A/Frameworks/HIToolbox.framework/Versions/A/HIToolbox
0x00007fff45422000 	/System/Library/Frameworks/QuartzCore.framework/Versions/A/QuartzCore
0x00007fff3888f000 	/System/Library/Frameworks/Carbon.framework/Versions/A/Frameworks/SpeechRecognition.framework/Versions/A/SpeechRecognition
0x00007fff533ae000 	/System/Library/PrivateFrameworks/CoreUI.framework/Versions/A/CoreUI
0x00007fff38e1e000 	/System/Library/Frameworks/CoreAudio.framework/Versions/A/CoreAudio
0x00007fff3bc4d000 	/System/Library/Frameworks/DiskArbitration.framework/Versions/A/DiskArbitration
0x00007fff60a72000 	/System/Library/PrivateFrameworks/MultitouchSupport.framework/Versions/A/MultitouchSupport
0x00007fff7177f000 	/usr/lib/libenergytrace.dylib
0x00007fff3c6c7000 	/System/Library/Frameworks/IOKit.framework/Versions/A/IOKit
0x00007fff3acb9000 	/System/Library/Frameworks/CoreServices.framework/Versions/A/CoreServices
0x00007fff62c2a000 	/System/Library/PrivateFrameworks/PerformanceAnalysis.framework/Versions/A/PerformanceAnalysis
0x00007fff44455000 	/System/Library/Frameworks/OpenGL.framework/Versions/A/OpenGL
0x00007fff38a3d000 	/System/Library/Frameworks/ColorSync.framework/Versions/A/ColorSync
0x00007fff3a3d5000 	/System/Library/Frameworks/CoreImage.framework/Versions/A/CoreImage
0x00007fff3b72c000 	/System/Library/Frameworks/CoreText.framework/Versions/A/CoreText
0x00007fff3c7fd000 	/System/Library/Frameworks/ImageIO.framework/Versions/A/ImageIO
0x00007fff70cd4000 	/usr/lib/libc++.1.dylib
0x00007fff70d50000 	/usr/lib/libcompression.dylib
0x00007fff7085c000 	/usr/lib/libMobileGestalt.dylib
0x00007fff6a76d000 	/System/Library/PrivateFrameworks/TextureIO.framework/Versions/A/TextureIO
0x00007fff70b53000 	/usr/lib/libate.dylib
0x00007fff5ebe7000 	/System/Library/PrivateFrameworks/InternationalSupport.framework/Versions/A/InternationalSupport
0x00007fff737eb000 	/usr/lib/system/libcache.dylib
0x00007fff737f1000 	/usr/lib/system/libcommonCrypto.dylib
0x00007fff737fd000 	/usr/lib/system/libcompiler_rt.dylib
0x00007fff73805000 	/usr/lib/system/libcopyfile.dylib
0x00007fff7380f000 	/usr/lib/system/libcorecrypto.dylib
0x00007fff739ae000 	/usr/lib/system/libdispatch.dylib
0x00007fff739ef000 	/usr/lib/system/libdyld.dylib
0x00007fff73a26000 	/usr/lib/system/libkeymgr.dylib
0x00007fff73a34000 	/usr/lib/system/liblaunch.dylib
0x00007fff73a35000 	/usr/lib/system/libmacho.dylib
0x00007fff73a3b000 	/usr/lib/system/libquarantine.dylib
0x00007fff73a3e000 	/usr/lib/system/libremovefile.dylib
0x00007fff73a40000 	/usr/lib/system/libsystem_asl.dylib
0x00007fff73a58000 	/usr/lib/system/libsystem_blocks.dylib
0x00007fff73a59000 	/usr/lib/system/libsystem_c.dylib
0x00007fff73ae1000 	/usr/lib/system/libsystem_configuration.dylib
0x00007fff73ae5000 	/usr/lib/system/libsystem_coreservices.dylib
0x00007fff73ae9000 	/usr/lib/system/libsystem_darwin.dylib
0x00007fff73af2000 	/usr/lib/system/libsystem_dnssd.dylib
0x00007fff73afa000 	/usr/lib/system/libsystem_featureflags.dylib
0x00007fff73afc000 	/usr/lib/system/libsystem_info.dylib
0x00007fff73b77000 	/usr/lib/system/libsystem_m.dylib
0x00007fff73bbf000 	/usr/lib/system/libsystem_malloc.dylib
0x00007fff73be7000 	/usr/lib/system/libsystem_networkextension.dylib
0x00007fff73bf5000 	/usr/lib/system/libsystem_notify.dylib
0x00007fff73c13000 	/usr/lib/system/libsystem_sandbox.dylib
0x00007fff73c18000 	/usr/lib/system/libsystem_secinit.dylib
0x00007fff73b4a000 	/usr/lib/system/libsystem_kernel.dylib
0x00007fff73bff000 	/usr/lib/system/libsystem_platform.dylib
0x00007fff73c08000 	/usr/lib/system/libsystem_pthread.dylib
0x00007fff73c1b000 	/usr/lib/system/libsystem_symptoms.dylib
0x00007fff73c23000 	/usr/lib/system/libsystem_trace.dylib
0x00007fff73c3b000 	/usr/lib/system/libunwind.dylib
0x00007fff73c41000 	/usr/lib/system/libxpc.dylib
0x00007fff70d27000 	/usr/lib/libc++abi.dylib
0x00007fff71b2b000 	/usr/lib/liblzma.5.dylib
0x00007fff717a6000 	/usr/lib/libfakelink.dylib
0x00007fff70ae0000 	/usr/lib/libarchive.2.dylib
0x00007fff472d7000 	/System/Library/Frameworks/SystemConfiguration.framework/Versions/A/SystemConfiguration
0x00007fff7044b000 	/usr/lib/libCRFSuite.dylib
0x00007fff38140000 	/System/Library/Frameworks/CFNetwork.framework/Versions/A/CFNetwork
0x00007fff70cb6000 	/usr/lib/libbsm.0.dylib
0x00007fff73a27000 	/usr/lib/system/libkxld.dylib
0x00007fff4d217000 	/System/Library/PrivateFrameworks/AppleFSCompression.framework/Versions/A/AppleFSCompression
0x00007fff71041000 	/usr/lib/libcoretls.dylib
0x00007fff71058000 	/usr/lib/libcoretls_cfhelpers.dylib
0x00007fff72894000 	/usr/lib/libpam.2.dylib
0x00007fff729c9000 	/usr/lib/libsqlite3.dylib
0x00007fff72e08000 	/usr/lib/libxar.1.dylib
0x00007fff70cc7000 	/usr/lib/libbz2.1.0.dylib
0x00007fff717c7000 	/usr/lib/libiconv.2.dylib
0x00007fff70d3d000 	/usr/lib/libcharset.1.dylib
0x00007fff72331000 	/usr/lib/libnetwork.dylib
0x00007fff7289b000 	/usr/lib/libpcap.A.dylib
0x00007fff70a95000 	/usr/lib/libapple_nghttp2.dylib
0x00007fff3b070000 	/System/Library/Frameworks/CoreServices.framework/Versions/A/Frameworks/FSEvents.framework/Versions/A/FSEvents
0x00007fff3ad40000 	/System/Library/Frameworks/CoreServices.framework/Versions/A/Frameworks/CarbonCore.framework/Versions/A/CarbonCore
0x00007fff3b2b4000 	/System/Library/Frameworks/CoreServices.framework/Versions/A/Frameworks/Metadata.framework/Versions/A/Metadata
0x00007fff3b34d000 	/System/Library/Frameworks/CoreServices.framework/Versions/A/Frameworks/OSServices.framework/Versions/A/OSServices
0x00007fff3b37b000 	/System/Library/Frameworks/CoreServices.framework/Versions/A/Frameworks/SearchKit.framework/Versions/A/SearchKit
0x00007fff3acba000 	/System/Library/Frameworks/CoreServices.framework/Versions/A/Frameworks/AE.framework/Versions/A/AE
0x00007fff3b079000 	/System/Library/Frameworks/CoreServices.framework/Versions/A/Frameworks/LaunchServices.framework/Versions/A/LaunchServices
0x00007fff3b022000 	/System/Library/Frameworks/CoreServices.framework/Versions/A/Frameworks/DictionaryServices.framework/Versions/A/DictionaryServices
0x00007fff3b3e3000 	/System/Library/Frameworks/CoreServices.framework/Versions/A/Frameworks/SharedFileList.framework/Versions/A/SharedFileList
0x00007fff40274000 	/System/Library/Frameworks/NetFS.framework/Versions/A/NetFS
0x00007fff60fa2000 	/System/Library/PrivateFrameworks/NetAuth.framework/Versions/A/NetAuth
0x00007fff6d92b000 	/System/Library/PrivateFrameworks/login.framework/Versions/A/Frameworks/loginsupport.framework/Versions/A/loginsupport
0x00007fff6a238000 	/System/Library/PrivateFrameworks/TCC.framework/Versions/A/TCC
0x00007fff51e48000 	/System/Library/PrivateFrameworks/CoreNLP.framework/Versions/A/CoreNLP
0x00007fff6045b000 	/System/Library/PrivateFrameworks/MetadataUtilities.framework/Versions/A/MetadataUtilities
0x00007fff71c03000 	/usr/lib/libmecabra.dylib
0x00007fff71b5b000 	/usr/lib/libmecab.dylib
0x00007fff717b7000 	/usr/lib/libgermantok.dylib
0x00007fff70a7c000 	/usr/lib/libThaiTokenizer.dylib
0x00007fff70482000 	/usr/lib/libChineseTokenizer.dylib
0x00007fff35570000 	/System/Library/Frameworks/Accelerate.framework/Versions/A/Frameworks/vImage.framework/Versions/A/vImage
0x00007fff369da000 	/System/Library/Frameworks/Accelerate.framework/Versions/A/Frameworks/vecLib.framework/Versions/A/vecLib
0x00007fff36917000 	/System/Library/Frameworks/Accelerate.framework/Versions/A/Frameworks/vecLib.framework/Versions/A/libvMisc.dylib
0x00007fff3673f000 	/System/Library/Frameworks/Accelerate.framework/Versions/A/Frameworks/vecLib.framework/Versions/A/libvDSP.dylib
0x00007fff35bc7000 	/System/Library/Frameworks/Accelerate.framework/Versions/A/Frameworks/vecLib.framework/Versions/A/libBLAS.dylib
0x00007fff36303000 	/System/Library/Frameworks/Accelerate.framework/Versions/A/Frameworks/vecLib.framework/Versions/A/libLAPACK.dylib
0x00007fff3669f000 	/System/Library/Frameworks/Accelerate.framework/Versions/A/Frameworks/vecLib.framework/Versions/A/libLinearAlgebra.dylib
0x00007fff3672c000 	/System/Library/Frameworks/Accelerate.framework/Versions/A/Frameworks/vecLib.framework/Versions/A/libSparseBLAS.dylib
0x00007fff366b5000 	/System/Library/Frameworks/Accelerate.framework/Versions/A/Frameworks/vecLib.framework/Versions/A/libQuadrature.dylib
0x00007fff35e2f000 	/System/Library/Frameworks/Accelerate.framework/Versions/A/Frameworks/vecLib.framework/Versions/A/libBNNS.dylib
0x00007fff366bb000 	/System/Library/Frameworks/Accelerate.framework/Versions/A/Frameworks/vecLib.framework/Versions/A/libSparse.dylib
0x00007fff5efcf000 	/System/Library/PrivateFrameworks/LanguageModeling.framework/Versions/A/LanguageModeling
0x00007fff517f8000 	/System/Library/PrivateFrameworks/CoreEmoji.framework/Versions/A/CoreEmoji
0x00007fff5f0ed000 	/System/Library/PrivateFrameworks/LinguisticData.framework/Versions/A/LinguisticData
0x00007fff5f09e000 	/System/Library/PrivateFrameworks/Lexicon.framework/Versions/A/Lexicon
0x00007fff70d3e000 	/usr/lib/libcmph.dylib
0x00007fff42e63000 	/System/Library/Frameworks/OpenDirectory.framework/Versions/A/Frameworks/CFOpenDirectory.framework/Versions/A/CFOpenDirectory
0x00007fff42e80000 	/System/Library/Frameworks/OpenDirectory.framework/Versions/A/OpenDirectory
0x00007fff4b2c1000 	/System/Library/PrivateFrameworks/APFS.framework/Versions/A/APFS
0x00007fff46570000 	/System/Library/Frameworks/SecurityFoundation.framework/Versions/A/SecurityFoundation
0x00007fff72e04000 	/usr/lib/libutil.dylib
0x00007fff52d2d000 	/System/Library/PrivateFrameworks/CoreServicesStore.framework/Versions/A/CoreServicesStore
0x00007fff46627000 	/System/Library/Frameworks/ServiceManagement.framework/Versions/A/ServiceManagement
0x00007fff4e9e7000 	/System/Library/PrivateFrameworks/BackgroundTaskManagement.framework/Versions/A/BackgroundTaskManagement
0x00007fff72f01000 	/usr/lib/libxslt.1.dylib
0x00007fff4d88a000 	/System/Library/PrivateFrameworks/AppleSystemInfo.framework/Versions/A/AppleSystemInfo
0x00007fff3ca18000 	/System/Library/Frameworks/ImageIO.framework/Versions/A/Resources/libJPEG.dylib
0x00007fff3ccd7000 	/System/Library/Frameworks/ImageIO.framework/Versions/A/Resources/libTIFF.dylib
0x00007fff3ccba000 	/System/Library/Frameworks/ImageIO.framework/Versions/A/Resources/libPng.dylib
0x00007fff3c95a000 	/System/Library/Frameworks/ImageIO.framework/Versions/A/Resources/libGIF.dylib
0x00007fff3c95e000 	/System/Library/Frameworks/ImageIO.framework/Versions/A/Resources/libJP2.dylib
0x00007fff3ccd5000 	/System/Library/Frameworks/ImageIO.framework/Versions/A/Resources/libRadiance.dylib
0x00007fff71780000 	/usr/lib/libexpat.1.dylib
0x00007fff4d372000 	/System/Library/PrivateFrameworks/AppleJPEG.framework/Versions/A/AppleJPEG
0x00007fff56043000 	/System/Library/PrivateFrameworks/FontServices.framework/libFontParser.dylib
0x00007fff6c92d000 	/System/Library/PrivateFrameworks/WatchdogClient.framework/Versions/A/WatchdogClient
0x00007fff5e62a000 	/System/Library/PrivateFrameworks/IOAccelerator.framework/Versions/A/IOAccelerator
0x00007fff3f1e4000 	/System/Library/Frameworks/MetalPerformanceShaders.framework/Versions/A/MetalPerformanceShaders
0x00007fff5adc0000 	/System/Library/PrivateFrameworks/GPUWrangler.framework/Versions/A/GPUWrangler
0x00007fff5e63f000 	/System/Library/PrivateFrameworks/IOPresentment.framework/Versions/A/IOPresentment
0x00007fff538ad000 	/System/Library/PrivateFrameworks/DSExternalDisplay.framework/Versions/A/DSExternalDisplay
0x00007fff437f4000 	/System/Library/Frameworks/OpenGL.framework/Versions/A/Libraries/libCoreFSCache.dylib
0x00007fff3ef30000 	/System/Library/Frameworks/MetalPerformanceShaders.framework/Frameworks/MPSCore.framework/Versions/A/MPSCore
0x00007fff3ef6e000 	/System/Library/Frameworks/MetalPerformanceShaders.framework/Frameworks/MPSImage.framework/Versions/A/MPSImage
0x00007fff3f035000 	/System/Library/Frameworks/MetalPerformanceShaders.framework/Frameworks/MPSNeuralNetwork.framework/Versions/A/MPSNeuralNetwork
0x00007fff3eff9000 	/System/Library/Frameworks/MetalPerformanceShaders.framework/Frameworks/MPSMatrix.framework/Versions/A/MPSMatrix
0x00007fff3f194000 	/System/Library/Frameworks/MetalPerformanceShaders.framework/Frameworks/MPSRayIntersector.framework/Versions/A/MPSRayIntersector
0x00007fff3f01f000 	/System/Library/Frameworks/MetalPerformanceShaders.framework/Frameworks/MPSNDArray.framework/Versions/A/MPSNDArray
0x00007fff604a8000 	/System/Library/PrivateFrameworks/MetalTools.framework/Versions/A/MetalTools
0x00007fff4c49b000 	/System/Library/PrivateFrameworks/AggregateDictionary.framework/Versions/A/AggregateDictionary
0x00007fff51240000 	/System/Library/PrivateFrameworks/CoreAnalytics.framework/Versions/A/CoreAnalytics
0x00007fff4d7a9000 	/System/Library/PrivateFrameworks/AppleSauce.framework/Versions/A/AppleSauce
0x00007fff7073e000 	/usr/lib/libIOReport.dylib
0x00007fff3b8e4000 	/System/Library/Frameworks/CoreVideo.framework/Versions/A/CoreVideo
0x00007fff5c239000 	/System/Library/PrivateFrameworks/GraphVisualizer.framework/Versions/A/GraphVisualizer
0x00007fff55589000 	/System/Library/PrivateFrameworks/FaceCore.framework/Versions/A/FaceCore
0x00007fff42e0a000 	/System/Library/Frameworks/OpenCL.framework/Versions/A/OpenCL
0x00007fff70560000 	/usr/lib/libFosl_dynamic.dylib
0x00007fff619c2000 	/System/Library/PrivateFrameworks/OTSVG.framework/Versions/A/OTSVG
0x00007fff37a99000 	/System/Library/Frameworks/ApplicationServices.framework/Versions/A/Frameworks/ATS.framework/Versions/A/Resources/libFontRegistry.dylib
0x00007fff56214000 	/System/Library/PrivateFrameworks/FontServices.framework/libhvf.dylib
0x00007fff437ff000 	/System/Library/Frameworks/OpenGL.framework/Versions/A/Libraries/libGFXShared.dylib
0x00007fff439dd000 	/System/Library/Frameworks/OpenGL.framework/Versions/A/Libraries/libGLU.dylib
0x00007fff43808000 	/System/Library/Frameworks/OpenGL.framework/Versions/A/Libraries/libGL.dylib
0x00007fff43813000 	/System/Library/Frameworks/OpenGL.framework/Versions/A/Libraries/libGLImage.dylib
0x00007fff437f1000 	/System/Library/Frameworks/OpenGL.framework/Versions/A/Libraries/libCVMSPluginSupport.dylib
0x00007fff437fa000 	/System/Library/Frameworks/OpenGL.framework/Versions/A/Libraries/libCoreVMClient.dylib
0x00007fff721d2000 	/usr/lib/libncurses.5.4.dylib
0x00007fff37995000 	/System/Library/Frameworks/ApplicationServices.framework/Versions/A/Frameworks/ATS.framework/Versions/A/ATS
0x00007fff37b62000 	/System/Library/Frameworks/ApplicationServices.framework/Versions/A/Frameworks/ColorSyncLegacy.framework/Versions/A/ColorSyncLegacy
0x00007fff37c00000 	/System/Library/Frameworks/ApplicationServices.framework/Versions/A/Frameworks/HIServices.framework/Versions/A/HIServices
0x00007fff37c58000 	/System/Library/Frameworks/ApplicationServices.framework/Versions/A/Frameworks/LangAnalysis.framework/Versions/A/LangAnalysis
0x00007fff37c67000 	/System/Library/Frameworks/ApplicationServices.framework/Versions/A/Frameworks/PrintCore.framework/Versions/A/PrintCore
0x00007fff37cad000 	/System/Library/Frameworks/ApplicationServices.framework/Versions/A/Frameworks/QD.framework/Versions/A/QD
0x00007fff37cb8000 	/System/Library/Frameworks/ApplicationServices.framework/Versions/A/Frameworks/SpeechSynthesis.framework/Versions/A/SpeechSynthesis
0x00007fff37b32000 	/System/Library/Frameworks/ApplicationServices.framework/Versions/A/Frameworks/ATSUI.framework/Versions/A/ATSUI
0x00007fff71616000 	/usr/lib/libcups.2.dylib
0x00007fff3e27f000 	/System/Library/Frameworks/Kerberos.framework/Versions/A/Kerberos
0x00007fff3c3c0000 	/System/Library/Frameworks/GSS.framework/Versions/A/GSS
0x00007fff72955000 	/usr/lib/libresolv.9.dylib
0x00007fff5c3e6000 	/System/Library/PrivateFrameworks/Heimdal.framework/Versions/A/Heimdal
0x00007fff3e292000 	/System/Library/Frameworks/Kerberos.framework/Versions/A/Libraries/libHeimdalProxy.dylib
0x00007fff717bd000 	/usr/lib/libheimdal-asn1.dylib
0x00007fff506d8000 	/System/Library/PrivateFrameworks/CommonAuth.framework/Versions/A/CommonAuth
0x00007fff4d927000 	/System/Library/PrivateFrameworks/AssertionServices.framework/Versions/A/AssertionServices
0x00007fff4e4ca000 	/System/Library/PrivateFrameworks/AudioToolboxCore.framework/Versions/A/AudioToolboxCore
0x00007fff6d5db000 	/System/Library/PrivateFrameworks/caulk.framework/Versions/A/caulk
0x00007fff4ea93000 	/System/Library/PrivateFrameworks/BaseBoard.framework/Versions/A/BaseBoard
0x00007fff65c25000 	/System/Library/PrivateFrameworks/RunningBoardServices.framework/Versions/A/RunningBoardServices
0x00007fff62c36000 	/System/Library/PrivateFrameworks/PersistentConnection.framework/Versions/A/PersistentConnection
0x00007fff6561e000 	/System/Library/PrivateFrameworks/ProtocolBuffer.framework/Versions/A/ProtocolBuffer
0x00007fff506fc000 	/System/Library/PrivateFrameworks/CommonUtilities.framework/Versions/A/CommonUtilities
0x00007fff4ec21000 	/System/Library/PrivateFrameworks/Bom.framework/Versions/A/Bom
0x00007fff70411000 	/usr/lib/libAudioToolboxUtility.dylib
0x00007fff4e9f1000 	/System/Library/PrivateFrameworks/Backup.framework/Versions/A/Backup
0x00007fff537ce000 	/System/Library/PrivateFrameworks/CrashReporterSupport.framework/Versions/A/CrashReporterSupport
0x00007fff676b7000 	/System/Library/PrivateFrameworks/Sharing.framework/Versions/A/Sharing
0x00007fff4cf35000 	/System/Library/PrivateFrameworks/Apple80211.framework/Versions/A/Apple80211
0x00007fff4e70e000 	/System/Library/PrivateFrameworks/AuthKit.framework/Versions/A/AuthKit
0x00007fff534db000 	/System/Library/PrivateFrameworks/CoreUtils.framework/Versions/A/CoreUtils
0x00007fff3b929000 	/System/Library/Frameworks/CoreWLAN.framework/Versions/A/CoreWLAN
0x00007fff3c54d000 	/System/Library/Frameworks/IOBluetooth.framework/Versions/A/IOBluetooth
0x00007fff607f1000 	/System/Library/PrivateFrameworks/MobileKeyBag.framework/Versions/A/MobileKeyBag
0x00007fff522e0000 	/System/Library/PrivateFrameworks/CorePhoneNumbers.framework/Versions/A/CorePhoneNumbers
0x00007fff4d325000 	/System/Library/PrivateFrameworks/AppleIDAuthSupport.framework/Versions/A/AppleIDAuthSupport
0x00007fff40281000 	/System/Library/Frameworks/Network.framework/Versions/A/Network
0x00007fff5ee7b000 	/System/Library/PrivateFrameworks/KeychainCircle.framework/Versions/A/KeychainCircle
0x00007fff3937a000 	/System/Library/Frameworks/CoreBluetooth.framework/Versions/A/CoreBluetooth
0x00007fff69736000 	/System/Library/PrivateFrameworks/SpeechRecognitionCore.framework/Versions/A/SpeechRecognitionCore
0x00007fff2c99c000 	/System/Library/CoreServices/Encodings/libSimplifiedChineseConverter.dylib
0x0000000109200000 	/Library/Java/JavaVirtualMachines/jdk1.8.0_291.jdk/Contents/Home/jre/lib/server/libjvm.dylib
0x00000001078bc000 	/Library/Java/JavaVirtualMachines/jdk1.8.0_291.jdk/Contents/Home/jre/lib/libverify.dylib
0x00000001078cd000 	/Library/Java/JavaVirtualMachines/jdk1.8.0_291.jdk/Contents/Home/jre/lib/libjava.dylib
0x000000010794a000 	/Library/Java/JavaVirtualMachines/jdk1.8.0_291.jdk/Contents/Home/jre/lib/libzip.dylib
0x000000010e45e000 	/Users/xianglong/.javacpp/cache/javacpp-1.5.7-macosx-x86_64.jar/org/bytedeco/javacpp/macosx-x86_64/libjnijavacpp.dylib
0x000000010e472000 	/Library/Java/JavaVirtualMachines/jdk1.8.0_291.jdk/Contents/Home/jre/lib/libnio.dylib
0x000000010e484000 	/Library/Java/JavaVirtualMachines/jdk1.8.0_291.jdk/Contents/Home/jre/lib/libnet.dylib
0x000000010e49e000 	/Users/xianglong/.javacpp/cache/openblas-0.3.19-1.5.7-macosx-x86_64.jar/org/bytedeco/openblas/macosx-x86_64/libgcc_s.1.dylib
0x000000010e4c6000 	/Users/xianglong/.javacpp/cache/openblas-0.3.19-1.5.7-macosx-x86_64.jar/org/bytedeco/openblas/macosx-x86_64/libquadmath.0.dylib
0x000000010e512000 	/Users/xianglong/.javacpp/cache/openblas-0.3.19-1.5.7-macosx-x86_64.jar/org/bytedeco/openblas/macosx-x86_64/libgfortran.4.dylib
0x00000001268b7000 	/Users/xianglong/.javacpp/cache/openblas-0.3.19-1.5.7-macosx-x86_64.jar/org/bytedeco/openblas/macosx-x86_64/libopenblas_nolapack.0.dylib
0x000000010e742000 	/Users/xianglong/.javacpp/cache/openblas-0.3.19-1.5.7-macosx-x86_64.jar/org/bytedeco/openblas/macosx-x86_64/libjniopenblas_nolapack.dylib
0x00000001524af000 	/Users/xianglong/.javacpp/cache/openblas-0.3.19-1.5.7-macosx-x86_64.jar/org/bytedeco/openblas/macosx-x86_64/libopenblas.0.dylib
0x000000017e0a7000 	/Users/xianglong/.javacpp/cache/openblas-0.3.19-1.5.7-macosx-x86_64.jar/org/bytedeco/openblas/macosx-x86_64/libjniopenblas.dylib
0x000000010e98a000 	/Users/xianglong/.javacpp/cache/opencv-4.5.5-1.5.7-macosx-x86_64.jar/org/bytedeco/opencv/macosx-x86_64/libopencv_core.405.dylib
0x000000010ed30000 	/Users/xianglong/.javacpp/cache/opencv-4.5.5-1.5.7-macosx-x86_64.jar/org/bytedeco/opencv/macosx-x86_64/libopencv_imgproc.405.dylib
0x000000010f264000 	/Users/xianglong/.javacpp/cache/opencv-4.5.5-1.5.7-macosx-x86_64.jar/org/bytedeco/opencv/macosx-x86_64/libjniopencv_core.dylib
0x000000010f5d4000 	/Users/xianglong/.javacpp/cache/opencv-4.5.5-1.5.7-macosx-x86_64.jar/org/bytedeco/opencv/macosx-x86_64/libjniopencv_imgproc.dylib
0x000000017fa7f000 	/Users/xianglong/.javacpp/cache/opencv-4.5.5-1.5.7-macosx-x86_64.jar/org/bytedeco/opencv/macosx-x86_64/libopencv_imgcodecs.405.dylib
0x000000010f750000 	/Users/xianglong/.javacpp/cache/opencv-4.5.5-1.5.7-macosx-x86_64.jar/org/bytedeco/opencv/macosx-x86_64/libjniopencv_imgcodecs.dylib
0x000000017fde2000 	/Users/xianglong/.javacpp/cache/opencv-4.5.5-1.5.7-macosx-x86_64.jar/org/bytedeco/opencv/macosx-x86_64/libopencv_videoio.405.dylib
0x00007fff35170000 	/System/Library/Frameworks/AVFoundation.framework/Versions/A/AVFoundation
0x00007fff3aaf1000 	/System/Library/Frameworks/CoreMedia.framework/Versions/A/CoreMedia
0x00007fff3536c000 	/System/Library/Frameworks/AVFoundation.framework/Versions/A/Frameworks/AVFAudio.framework/Versions/A/AVFAudio
0x00007fff5fbf7000 	/System/Library/PrivateFrameworks/MediaExperience.framework/Versions/A/MediaExperience
0x00007fff3e6fa000 	/System/Library/Frameworks/MediaToolbox.framework/Versions/A/MediaToolbox
0x00007fff475d1000 	/System/Library/Frameworks/VideoToolbox.framework/Versions/A/VideoToolbox
0x00007fff3abcd000 	/System/Library/Frameworks/CoreMediaIO.framework/Versions/A/CoreMediaIO
0x00007fff70404000 	/usr/lib/libAudioStatistics.dylib
0x00007fff6d973000 	/System/Library/PrivateFrameworks/perfdata.framework/Versions/A/perfdata
0x00007fff72911000 	/usr/lib/libperfcheck.dylib
0x00007fff708fc000 	/usr/lib/libSMC.dylib
0x00007fff4de79000 	/System/Library/PrivateFrameworks/AudioResourceArbitration.framework/Versions/A/AudioResourceArbitration
0x00007fff729c7000 	/usr/lib/libspindump.dylib
0x00007fff511f0000 	/System/Library/PrivateFrameworks/CoreAVCHD.framework/Versions/A/CoreAVCHD
0x00007fff3e624000 	/System/Library/Frameworks/MediaAccessibility.framework/Versions/A/MediaAccessibility
0x00007fff5f98b000 	/System/Library/PrivateFrameworks/Mangrove.framework/Versions/A/Mangrove
0x00007fff50e1a000 	/System/Library/PrivateFrameworks/CoreAUC.framework/Versions/A/CoreAUC
0x00007fff4d88e000 	/System/Library/PrivateFrameworks/AppleVA.framework/Versions/A/AppleVA
0x000000017fe35000 	/Users/xianglong/.javacpp/cache/opencv-4.5.5-1.5.7-macosx-x86_64.jar/org/bytedeco/opencv/macosx-x86_64/libjniopencv_videoio.dylib
0x000000017fe75000 	/System/Library/Extensions/AppleGFXHDA.kext/Contents/PlugIns/AppleGFXHDAHALPlugIn.bundle/Contents/MacOS/AppleGFXHDAHALPlugIn
0x000000017fe82000 	/System/Library/Frameworks/CoreMediaIO.framework/Resources/VDC.plugin/Contents/MacOS/VDC
0x00007fff6d92e000 	/System/Library/PrivateFrameworks/login.framework/Versions/A/login
0x000000017feea000 	/System/Library/Frameworks/CoreMediaIO.framework/Resources/BaseUnits/CMIOBaseUnits.bundle/Contents/MacOS/CMIOBaseUnits
0x00007fff52cf9000 	/System/Library/PrivateFrameworks/CoreServicesInternal.framework/Versions/A/CoreServicesInternal
0x00007fff2d084000 	/System/Library/Extensions/AMDRadeonX6000MTLDriver.bundle/Contents/MacOS/AMDRadeonX6000MTLDriver
0x00007fff5e620000 	/System/Library/PrivateFrameworks/IOAccelMemoryInfo.framework/Versions/A/IOAccelMemoryInfo
0x00007fff322d1000 	/System/Library/Extensions/AppleIntelKBLGraphicsMTLDriver.bundle/Contents/MacOS/AppleIntelKBLGraphicsMTLDriver
0x00000001804d7000 	/System/Library/Frameworks/CoreMediaIO.framework/Resources/CMIOUnits.bundle/Contents/MacOS/CMIOUnits
0x00007fff55573000 	/System/Library/PrivateFrameworks/FWAVC.framework/Versions/A/FWAVC
0x00007fff3854b000 	/System/Library/Frameworks/Carbon.framework/Versions/A/Carbon
0x00007fff3854c000 	/System/Library/Frameworks/Carbon.framework/Versions/A/Frameworks/CommonPanels.framework/Versions/A/CommonPanels
0x00007fff38845000 	/System/Library/Frameworks/Carbon.framework/Versions/A/Frameworks/Help.framework/Versions/A/Help
0x00007fff38849000 	/System/Library/Frameworks/Carbon.framework/Versions/A/Frameworks/ImageCapture.framework/Versions/A/ImageCapture
0x00007fff38850000 	/System/Library/Frameworks/Carbon.framework/Versions/A/Frameworks/OpenScripting.framework/Versions/A/OpenScripting
0x00007fff3884f000 	/System/Library/Frameworks/Carbon.framework/Versions/A/Frameworks/Ink.framework/Versions/A/Ink
0x00007fff3888b000 	/System/Library/Frameworks/Carbon.framework/Versions/A/Frameworks/Print.framework/Versions/A/Print
0x00007fff3888c000 	/System/Library/Frameworks/Carbon.framework/Versions/A/Frameworks/SecurityHI.framework/Versions/A/SecurityHI
0x00000001805af000 	/System/Library/Components/AudioCodecs.component/Contents/MacOS/AudioCodecs
0x00007fff4d227000 	/System/Library/PrivateFrameworks/AppleGVA.framework/Versions/A/AppleGVA
0x0000000180d84000 	/Users/xianglong/.javacpp/cache/ffmpeg-5.0-1.5.7-macosx-x86_64.jar/org/bytedeco/ffmpeg/macosx-x86_64/libavutil.57.dylib
0x0000000180c31000 	/Users/xianglong/.javacpp/cache/ffmpeg-5.0-1.5.7-macosx-x86_64.jar/org/bytedeco/ffmpeg/macosx-x86_64/libjniavutil.dylib
0x0000000180d35000 	/Users/xianglong/.javacpp/cache/ffmpeg-5.0-1.5.7-macosx-x86_64.jar/org/bytedeco/ffmpeg/macosx-x86_64/libswresample.4.dylib
0x0000000180d5b000 	/Users/xianglong/.javacpp/cache/ffmpeg-5.0-1.5.7-macosx-x86_64.jar/org/bytedeco/ffmpeg/macosx-x86_64/libjniswresample.dylib
0x0000000180f27000 	/Users/xianglong/.javacpp/cache/ffmpeg-5.0-1.5.7-macosx-x86_64.jar/org/bytedeco/ffmpeg/macosx-x86_64/libavcodec.59.dylib
0x000000018282c000 	/Users/xianglong/.javacpp/cache/ffmpeg-5.0-1.5.7-macosx-x86_64.jar/org/bytedeco/ffmpeg/macosx-x86_64/libjniavcodec.dylib
0x0000000182a43000 	/Users/xianglong/.javacpp/cache/ffmpeg-5.0-1.5.7-macosx-x86_64.jar/org/bytedeco/ffmpeg/macosx-x86_64/libavformat.59.dylib
0x00000001828f0000 	/Users/xianglong/.javacpp/cache/ffmpeg-5.0-1.5.7-macosx-x86_64.jar/org/bytedeco/ffmpeg/macosx-x86_64/libjniavformat.dylib
0x00007fff72da9000 	/usr/lib/libusrtcp.dylib
0x0000000182994000 	/Library/Java/JavaVirtualMachines/jdk1.8.0_291.jdk/Contents/Home/jre/lib/libawt.dylib
0x000000018309d000 	/Library/Java/JavaVirtualMachines/jdk1.8.0_291.jdk/Contents/Home/jre/lib/libmlib_image.dylib
0x00007fff3e269000 	/System/Library/Frameworks/JavaVM.framework/Versions/A/Frameworks/JavaNativeFoundation.framework/Versions/A/JavaNativeFoundation
0x00007fff3e272000 	/System/Library/Frameworks/JavaVM.framework/Versions/A/Frameworks/JavaRuntimeSupport.framework/Versions/A/JavaRuntimeSupport
0x00007fff3e27a000 	/System/Library/Frameworks/JavaVM.framework/Versions/A/JavaVM
0x00007fff5ec92000 	/System/Library/PrivateFrameworks/JavaLaunching.framework/Versions/A/JavaLaunching
0x00007fff53280000 	/System/Library/PrivateFrameworks/CoreSymbolication.framework/Versions/A/CoreSymbolication
0x00007fff53a02000 	/System/Library/PrivateFrameworks/DebugSymbols.framework/Versions/A/DebugSymbols
0x0000000183155000 	/Library/Java/JavaVirtualMachines/jdk1.8.0_291.jdk/Contents/Home/jre/lib/libawt_lwawt.dylib
0x00000001831fa000 	/Library/Java/JavaVirtualMachines/jdk1.8.0_291.jdk/Contents/Home/jre/lib/libosxapp.dylib
0x00007fff3be29000 	/System/Library/Frameworks/ExceptionHandling.framework/Versions/A/ExceptionHandling
0x00007fff3be48000 	/System/Library/Frameworks/FileProvider.framework/Versions/A/FileProvider
0x00007fff369db000 	/System/Library/Frameworks/Accounts.framework/Versions/A/Accounts
0x00007fff5b0e5000 	/System/Library/PrivateFrameworks/GenerationalStorage.framework/Versions/A/GenerationalStorage
0x00007fff69f78000 	/System/Library/PrivateFrameworks/SymptomDiagnosticReporter.framework/Versions/A/SymptomDiagnosticReporter
0x00007fff4ca39000 	/System/Library/PrivateFrameworks/AppContainer.framework/Versions/A/AppContainer
0x00007fff7296f000 	/usr/lib/libsandbox.1.dylib
0x00007fff6b8d1000 	/System/Library/PrivateFrameworks/UserManagement.framework/Versions/A/UserManagement
0x00007fff4f7dd000 	/System/Library/PrivateFrameworks/ChunkingLibrary.framework/Versions/A/ChunkingLibrary
0x00007fff4caab000 	/System/Library/PrivateFrameworks/AppSandbox.framework/Versions/A/AppSandbox
0x00007fff67541000 	/System/Library/PrivateFrameworks/SecCodeWrapper.framework/Versions/A/SecCodeWrapper
0x00007fff70826000 	/usr/lib/libMatch.1.dylib
0x00007fff2c9c3000 	/System/Library/CoreServices/RawCamera.bundle/Contents/MacOS/RawCamera
0x00007fff605d7000 	/System/Library/PrivateFrameworks/MobileAsset.framework/Versions/A/MobileAsset
0x00007fff69e20000 	/System/Library/PrivateFrameworks/StreamingZip.framework/Versions/A/StreamingZip
0x00007fff35559000 	/System/Library/Frameworks/Accelerate.framework/Versions/A/Frameworks/vImage.framework/Versions/A/Libraries/libCGInterfaces.dylib
0x000000018351a000 	/usr/lib/libobjc-trampolines.dylib
0x00007fff5617b000 	/System/Library/PrivateFrameworks/FontServices.framework/libTrueTypeScaler.dylib
0x00007fff59705000 	/System/Library/PrivateFrameworks/GPUCompiler.framework/Versions/3902/Libraries/libmetal_timestamp.dylib
0x00007fff6c69d000 	/System/Library/PrivateFrameworks/ViewBridge.framework/Versions/A/ViewBridge
0x00007fff44465000 	/System/Library/Frameworks/OpenGL.framework/Versions/A/Resources/GLEngine.bundle/GLEngine
0x00007fff43848000 	/System/Library/Frameworks/OpenGL.framework/Versions/A/Libraries/libGLProgrammability.dylib
0x00007fff312c9000 	/System/Library/Extensions/AppleIntelKBLGraphicsGLDriver.bundle/Contents/MacOS/AppleIntelKBLGraphicsGLDriver
0x00007fff5adb4000 	/System/Library/PrivateFrameworks/GPUSupport.framework/Versions/A/Libraries/libGPUSupportMercury.dylib
0x0000000185307000 	/System/Library/Extensions/AMDRadeonX6000GLDriver.bundle/Contents/MacOS/AMDRadeonX6000GLDriver
0x00007fff2d04d000 	/System/Library/Extensions/AMDRadeonX6000GLDriver.bundle/Contents/MacOS/ATIRadeonX6000SCLib.dylib
0x00007fff2e252000 	/System/Library/Extensions/AMDShared.bundle/Contents/PlugIns/libSC.dylib
0x00007fff445df000 	/System/Library/Frameworks/OpenGL.framework/Versions/A/Resources/GLRendererFloat.bundle/GLRendererFloat
0x00007fff42e01000 	/System/Library/Frameworks/OpenCL.framework/Versions/A/Libraries/libcldcpuengine.dylib
0x00000001857be000 	/Library/Java/JavaVirtualMachines/jdk1.8.0_291.jdk/Contents/Home/jre/lib/libfontmanager.dylib
0x000000018581d000 	/Library/Java/JavaVirtualMachines/jdk1.8.0_291.jdk/Contents/Home/jre/lib/libosxui.dylib
0x000000018a850000 	/Users/xianglong/.javacpp/cache/ffmpeg-5.0-1.5.7-macosx-x86_64.jar/org/bytedeco/ffmpeg/macosx-x86_64/libswscale.6.dylib
0x00000001859f7000 	/Users/xianglong/.javacpp/cache/ffmpeg-5.0-1.5.7-macosx-x86_64.jar/org/bytedeco/ffmpeg/macosx-x86_64/libjniswscale.dylib

VM Arguments:
jvm_args: -Dfile.encoding=UTF-8 -Duser.country=CN -Duser.language=zh -Duser.variant 
java_command: com.cas.view.PushRtmpAndFlvStream
java_class_path (initial): /Users/xianglong/IdeaProjects/cas-tcp/build/classes/java/test:/Users/xianglong/IdeaProjects/cas-tcp/build/resources/test:/Users/xianglong/IdeaProjects/cas-tcp/build/classes/java/main:/Users/xianglong/IdeaProjects/cas-tcp/build/resources/main:/Users/xianglong/.gradle/caches/modules-2/files-2.1/com.alibaba/fastjson/1.2.61/2be84d3199e5b7c37948f0c248377a649ecffaf2/fastjson-1.2.61.jar:/Users/xianglong/.gradle/caches/modules-2/files-2.1/org.springframework.boot/spring-boot-starter-web/2.2.1.RELEASE/689213aca6e25e2aa9b377e61273aa3d31f30f60/spring-boot-starter-web-2.2.1.RELEASE.jar:/Users/xianglong/.gradle/caches/modules-2/files-2.1/org.projectlombok/lombok/1.18.12/48e4e5d60309ebd833bc528dcf77668eab3cd72c/lombok-1.18.12.jar:/Users/xianglong/.m2/repository/com/cas/cas-springboot-starter/0.0.5-SNAPSHOT/cas-springboot-starter-0.0.5-20210726.095754-1.jar:/Users/xianglong/.gradle/caches/modules-2/files-2.1/org.springframework.boot/spring-boot-starter-aop/2.2.1.RELEASE/f5f9988e816634100840c7f570763ea7e5e907d9/spring-boot-starter-aop-2.2.1.RELEASE.jar:/Users/xianglong/.gradle/caches/modules-2/files-2.1/org.bytedeco/javacv-platform/1.5.7/5452451f4800f7ead092fb926e4baf10e435285f/javacv-platform-1.5.7.jar:/Users/xianglong/.gradle/caches/modules-2/files-2.1/org.springframework.boot/spring-boot-starter-test/2.2.1.RELEASE/fae935b40f7a6b7eac7f5daef51e83c2ca978211/spring-boot-starter-test-2.2.1.RELEASE.jar:/Users/xianglong/.gradle/caches/modules-2/files-2.1/cn.hutool/hutool-all/5.7.7/cb9d62e30371f9f12f5fed899e88c20b1111f64/hutool-all-5.7.7.jar:/Users/xianglong/.gradle/caches/modules-2/files-2.1/org.springframework.boot/spring-boot-starter-json/2.2.1.RELEASE/2d9f5ad8a76edcf3c610e0f825d9c01563a6900a/spring-boot-starter-json-2.2.1.RELEASE.jar:/Users/xianglong/.gradle/caches/modules-2/files-2.1/org.springframework.boot/spring-boot-starter-validation/2.2.1.RELEASE/ea5bd9055951afe28f64a96524bfd0bf0d362313/spring-boot-starter-validation-2.2.1.RELEASE.jar:/Users/xiang
Launcher Type: SUN_STANDARD

Environment Variables:
PATH=/usr/local/ApacheMaven/bin:/Library/Frameworks/Python.framework/Versions/3.7/bin:/usr/local/bin:/usr/local/sbin:/usr/local/bin:/usr/bin:/bin:/usr/sbin:/sbin:/Applications/VMware Fusion.app/Contents/Public:/usr/local/go/bin:/usr/local/share/dotnet:~/.dotnet/tools:/Library/Frameworks/Mono.framework/Versions/Current/Commands:/usr/local/sbin:/usr/local/Cellar/redis/6.2.3/bin:/Users/xianglong/Desktop/soft/gradle-6.4.1/bin:/Users/xianglong/bin:/Users/xianglong/sdk/go1.13.4/bin
SHELL=/bin/zsh

Signal Handlers:
SIGSEGV: [libjvm.dylib+0x59afc1], sa_mask[0]=11111111011111110111111111111111, sa_flags=SA_ONSTACK|SA_RESTART|SA_SIGINFO
SIGBUS: [libjvm.dylib+0x59afc1], sa_mask[0]=11111111011111110111111111111111, sa_flags=SA_RESTART|SA_SIGINFO
SIGFPE: [libjvm.dylib+0x48e907], sa_mask[0]=11111111011111110111111111111111, sa_flags=SA_RESTART|SA_SIGINFO
SIGPIPE: [libjvm.dylib+0x48e907], sa_mask[0]=11111111011111110111111111111111, sa_flags=SA_RESTART|SA_SIGINFO
SIGXFSZ: [libjvm.dylib+0x48e907], sa_mask[0]=11111111011111110111111111111111, sa_flags=SA_RESTART|SA_SIGINFO
SIGILL: [libjvm.dylib+0x48e907], sa_mask[0]=11111111011111110111111111111111, sa_flags=SA_RESTART|SA_SIGINFO
SIGUSR1: SIG_DFL, sa_mask[0]=00000000000000000000000000000000, sa_flags=none
SIGUSR2: [libjvm.dylib+0x48f1f6], sa_mask[0]=00100000000000000000000000000000, sa_flags=SA_RESTART|SA_SIGINFO
SIGHUP: [libjvm.dylib+0x48d453], sa_mask[0]=11111111011111110111111111111111, sa_flags=SA_RESTART|SA_SIGINFO
SIGINT: [libjvm.dylib+0x48d453], sa_mask[0]=11111111011111110111111111111111, sa_flags=SA_RESTART|SA_SIGINFO
SIGTERM: [libjvm.dylib+0x48d453], sa_mask[0]=11111111011111110111111111111111, sa_flags=SA_RESTART|SA_SIGINFO
SIGQUIT: [libjvm.dylib+0x48d453], sa_mask[0]=11111111011111110111111111111111, sa_flags=SA_RESTART|SA_SIGINFO


---------------  S Y S T E M  ---------------

OS:Bsduname:Darwin 19.6.0 Darwin Kernel Version 19.6.0: Thu Oct 29 22:56:45 PDT 2020; root:xnu-6153.141.2.2~1/RELEASE_X86_64 x86_64
rlimit: STACK 8192k, CORE 0k, NPROC 2784, NOFILE 10240, AS infinity
load average:1.80 2.06 2.06

CPU:total 12 (initial active 12) (6 cores per cpu, 2 threads per core) family 6 model 158 stepping 10, cmov, cx8, fxsr, mmx, sse, sse2, sse3, ssse3, sse4.1, sse4.2, popcnt, avx, avx2, aes, clmul, erms, 3dnowpref, lzcnt, ht, tsc, tscinvbit, bmi1, bmi2, adx

Memory: 4k page, physical 16777216k(914096k free)

/proc/meminfo:


vm_info: Java HotSpot(TM) 64-Bit Server VM (25.291-b10) for bsd-amd64 JRE (1.8.0_291-b10), built on Apr  8 2021 02:17:24 by "java_re" with gcc 4.2.1 Compatible Apple LLVM 11.0.0 (clang-1100.0.33.17)

time: Tue Apr  5 23:01:35 2022
timezone: CST
elapsed time: 4.441755 seconds (0d 0h 0m 4s)

