#
# A fatal error has been detected by the Java Runtime Environment:
#
#  SIGSEGV (0xb) at pc=0x0000000180e89a34, pid=71495, tid=0x0000000000000c03
#
# JRE version: Java(TM) SE Runtime Environment (8.0_291-b10) (build 1.8.0_291-b10)
# Java VM: Java HotSpot(TM) 64-Bit Server VM (25.291-b10 mixed mode bsd-amd64 compressed oops)
# Problematic frame:
# C  [libswscale.6.dylib+0x8ca34]  sws_getCachedContext+0x1874
#
# Failed to write core dump. Core dumps have been disabled. To enable core dumping, try "ulimit -c unlimited" before starting Java again
#
# If you would like to submit a bug report, please visit:
#   http://bugreport.java.com/bugreport/crash.jsp
# The crash happened outside the Java Virtual Machine in native code.
# See problematic frame for where to report the bug.
#

---------------  T H R E A D  ---------------

Current thread (0x00007feab780c800):  JavaThread "main" [_thread_in_native, id=3075, stack(0x0000700001eb7000,0x0000700001fb7000)]

siginfo: si_signo: 11 (SIGSEGV), si_code: 1 (SEGV_MAPERR), si_addr: 0x00007feac13a3000

Registers:
RAX=0x0000000180e89a90, RBX=0x00000000000002cf, RCX=0x00007feac13a2100, RDX=0x00007feac13a2100
RSP=0x0000700001fb6398, RBP=0x0000000000000000, RSI=0x00007feac13a2fe8, RDI=0x00007feab9e7f600
R8 =0xfffffffffffffff0, R9 =0x00007feac00eca30, R10=0x00007feac00e3000, R11=0x0000000000000006
R12=0x0000000000000002, R13=0x00007feac00e3000, R14=0x0000000000001668, R15=0x00007feac102b280
RIP=0x0000000180e89a34, EFLAGS=0x0000000000010286, ERR=0x0000000000000004
  TRAPNO=0x000000000000000e

Top of Stack: (sp=0x0000700001fb6398)
0x0000700001fb6398:   0000000180e01b63 0000000180ecba08
0x0000700001fb63a8:   0000000300000500 00007feac00eca30
0x0000700001fb63b8:   00007feac00eca30 00000000000002cd
0x0000700001fb63c8:   0000000000000002 00007feac13a2100
0x0000700001fb63d8:   00007feac13a2100 00007feac13a2100
0x0000700001fb63e8:   00007feac13a2100 213131e01e730026
0x0000700001fb63f8:   00007feac00e3000 00000000000002cd
0x0000700001fb6408:   0000000000000003 00007feac102b280
0x0000700001fb6418:   00000000000002cd 0000000000000002
0x0000700001fb6428:   0000000180e5a387 0000000000000000
0x0000700001fb6438:   0000000000000096 0000000000000000
0x0000700001fb6448:   0000000000000000 00007feac00e3000
0x0000700001fb6458:   0000012c00000000 00000000000002cd
0x0000700001fb6468:   0000000000000000 0000000000000190
0x0000700001fb6478:   0000000000000129 00000000000002d0
0x0000700001fb6488:   00000000000002cd 00007feac102c10c
0x0000700001fb6498:   0000000000000000 00000000000002ce
0x0000700001fb64a8:   0000000000000000 0000000000000000
0x0000700001fb64b8:   00000001000002d0 000000c800000190
0x0000700001fb64c8:   00000000000000c8 0000000000000000
0x0000700001fb64d8:   0000000000000000 00000f0000000f00
0x0000700001fb64e8:   00000f0000000f00 0000000000000000
0x0000700001fb64f8:   0000000000000000 000002d0000002d0
0x0000700001fb6508:   00000000000002d0 0000000000000000
0x0000700001fb6518:   00000000000002ce 00000000000002d0
0x0000700001fb6528:   000002cf00000000 00000006fffffd30
0x0000700001fb6538:   0000000000000002 0000000000000201
0x0000700001fb6548:   0000000000000094 0000000000000004
0x0000700001fb6558:   0000000000000000 0000000200000002
0x0000700001fb6568:   fffffffbfffffff7 00007feac102b280
0x0000700001fb6578:   00007feac102c0f0 0000000000000002
0x0000700001fb6588:   000000000000000a 0000000000000006 

Instructions: (pc=0x0000000180e89a34)
0x0000000180e89a14:   c5 79 6f 15 c4 26 04 00 4d 63 c0 4d 01 c0 4c 01
0x0000000180e89a24:   c7 49 f7 d8 c5 f9 6f 25 80 26 04 00 c5 fa 6f 06
0x0000000180e89a34:   c5 fa 6f 56 0c c4 c2 79 00 ca c4 e2 79 00 c7 c4
0x0000000180e89a44:   c2 69 00 da c4 e2 69 00 d7 48 83 c6 18 c4 c1 79 

Register to memory mapping:

RAX=0x0000000180e89a90: sws_getCachedContext+0x18d0 in /Users/xianglong/.javacpp/cache/ffmpeg-5.0-1.5.7-macosx-x86_64.jar/org/bytedeco/ffmpeg/macosx-x86_64/libswscale.6.dylib at 0x0000000180dfd000
RBX=0x00000000000002cf is an unknown value
RCX=0x00007feac13a2100 is an unknown value
RDX=0x00007feac13a2100 is an unknown value
RSP=0x0000700001fb6398 is pointing into the stack for thread: 0x00007feab780c800
RBP=0x0000000000000000 is an unknown value
RSI=0x00007feac13a2fe8 is an unknown value
RDI=0x00007feab9e7f600 is an unknown value
R8 =0xfffffffffffffff0 is an unknown value
R9 =0x00007feac00eca30 is an unknown value
R10=0x00007feac00e3000 is an unknown value
R11=0x0000000000000006 is an unknown value
R12=0x0000000000000002 is an unknown value
R13=0x00007feac00e3000 is an unknown value
R14=0x0000000000001668 is an unknown value
R15=0x00007feac102b280 is an unknown value


Stack: [0x0000700001eb7000,0x0000700001fb7000],  sp=0x0000700001fb6398,  free space=1020k
Native frames: (J=compiled Java code, j=interpreted, Vv=VM code, C=native code)
C  [libswscale.6.dylib+0x8ca34]  sws_getCachedContext+0x1874

Java frames: (J=compiled Java code, j=interpreted, Vv=VM code)
j  org.bytedeco.ffmpeg.global.swscale.sws_scale(Lorg/bytedeco/ffmpeg/swscale/SwsContext;Lorg/bytedeco/javacpp/PointerPointer;Lorg/bytedeco/javacpp/IntPointer;IILorg/bytedeco/javacpp/PointerPointer;Lorg/bytedeco/javacpp/IntPointer;)I+0
j  org.bytedeco.javacv.FFmpegFrameRecorder.recordImage(IIIIII[Ljava/nio/Buffer;)Z+641
j  org.bytedeco.javacv.FFmpegFrameRecorder.record(Lorg/bytedeco/javacv/Frame;I)V+70
j  org.bytedeco.javacv.FFmpegFrameRecorder.record(Lorg/bytedeco/javacv/Frame;)V+30
j  com.cas.view.PushRtmpAndFlvStream.pushCamerOrRtmp(Ljava/lang/String;Ljava/lang/Integer;Ljava/lang/Integer;Ljava/lang/Integer;)V+148
j  com.cas.view.PushRtmpAndFlvStream.main([Ljava/lang/String;)V+19
v  ~StubRoutines::call_stub

---------------  P R O C E S S  ---------------

Java Threads: ( => current thread )
  0x00007feab7280000 JavaThread "JavaCPP Deallocator" daemon [_thread_blocked, id=42499, stack(0x00007000034fc000,0x00007000035fc000)]
  0x00007feab9038800 JavaThread "Service Thread" daemon [_thread_blocked, id=21763, stack(0x00007000032f6000,0x00007000033f6000)]
  0x00007feab8852800 JavaThread "C1 CompilerThread3" daemon [_thread_blocked, id=15875, stack(0x00007000031f3000,0x00007000032f3000)]
  0x00007feab9037800 JavaThread "C2 CompilerThread2" daemon [_thread_blocked, id=15107, stack(0x00007000030f0000,0x00007000031f0000)]
  0x00007feab883a800 JavaThread "C2 CompilerThread1" daemon [_thread_blocked, id=14851, stack(0x0000700002fed000,0x00007000030ed000)]
  0x00007feab7017000 JavaThread "C2 CompilerThread0" daemon [_thread_blocked, id=14595, stack(0x0000700002eea000,0x0000700002fea000)]
  0x00007feab7016000 JavaThread "Signal Dispatcher" daemon [_thread_blocked, id=16899, stack(0x0000700002de7000,0x0000700002ee7000)]
  0x00007feab8837000 JavaThread "Finalizer" daemon [_thread_blocked, id=12547, stack(0x0000700002bde000,0x0000700002cde000)]
  0x00007feab7822000 JavaThread "Reference Handler" daemon [_thread_blocked, id=12035, stack(0x0000700002adb000,0x0000700002bdb000)]
=>0x00007feab780c800 JavaThread "main" [_thread_in_native, id=3075, stack(0x0000700001eb7000,0x0000700001fb7000)]

Other Threads:
  0x00007feab8836800 VMThread [stack: 0x00007000029d8000,0x0000700002ad8000] [id=19203]
  0x00007feab9035000 WatcherThread [stack: 0x00007000033f9000,0x00007000034f9000] [id=43011]

VM state:not at safepoint (normal execution)

VM Mutex/Monitor currently owned by a thread: None

heap address: 0x00000006c0000000, size: 4096 MB, Compressed Oops mode: Zero based, Oop shift amount: 3
Narrow klass base: 0x0000000000000000, Narrow klass shift: 3
Compressed class space size: 1073741824 Address: 0x00000007c0000000

Heap:
 PSYoungGen      total 65536K, used 12495K [0x000000076ab00000, 0x000000076f580000, 0x00000007c0000000)
  eden space 62464K, 15% used [0x000000076ab00000,0x000000076b4a2480,0x000000076e800000)
  from space 3072K, 85% used [0x000000076f280000,0x000000076f5118f0,0x000000076f580000)
  to   space 3584K, 0% used [0x000000076ee80000,0x000000076ee80000,0x000000076f200000)
 ParOldGen       total 175104K, used 48K [0x00000006c0000000, 0x00000006cab00000, 0x000000076ab00000)
  object space 175104K, 0% used [0x00000006c0000000,0x00000006c000c000,0x00000006cab00000)
 Metaspace       used 12538K, capacity 12660K, committed 12800K, reserved 1060864K
  class space    used 966K, capacity 979K, committed 1024K, reserved 1048576K

Card table byte_map: [0x00000001081c4000,0x00000001089c5000] byte_map_base: 0x0000000104bc4000

Marking Bits: (ParMarkBitMap*) 0x0000000107723288
 Begin Bits: [0x000000011f2cc000, 0x00000001232cc000)
 End Bits:   [0x00000001232cc000, 0x00000001272cc000)

Polling page: 0x000000010566f000

CodeCache: size=245760Kb used=4575Kb max_used=4589Kb free=241184Kb
 bounds [0x00000001102cc000, 0x000000011075c000, 0x000000011f2cc000]
 total_blobs=1829 nmethods=928 adapters=815
 compilation: enabled

Compilation events (10 events):
Event: 3.998 Thread 0x00007feab7017000  925       4       java.net.URLClassLoader::findResources (20 bytes)
Event: 4.000 Thread 0x00007feab7017000 nmethod 925 0x00000001106e8d10 code [0x00000001106e8e80, 0x00000001106e9218]
Event: 4.000 Thread 0x00007feab7017000  926       4       sun.misc.URLClassPath$1::<init> (45 bytes)
Event: 4.001 Thread 0x00007feab7017000 nmethod 926 0x0000000110745b90 code [0x0000000110745ce0, 0x0000000110745f58]
Event: 4.002 Thread 0x00007feab9037800 nmethod 923 0x0000000110743710 code [0x00000001107438c0, 0x0000000110743fa8]
Event: 4.006 Thread 0x00007feab8852800  927       1       java.lang.ref.Finalizer::access$000 (4 bytes)
Event: 4.006 Thread 0x00007feab8852800 nmethod 927 0x0000000110743490 code [0x00000001107435e0, 0x00000001107436d0]
Event: 4.010 Thread 0x00007feab883a800 nmethod 924 0x000000011074ac50 code [0x000000011074aec0, 0x000000011074c548]
Event: 4.014 Thread 0x00007feab7017000  928       4       sun.misc.URLClassPath::findResource (47 bytes)
Event: 4.017 Thread 0x00007feab7017000 nmethod 928 0x0000000110742c10 code [0x0000000110742da0, 0x0000000110743110]

GC Heap History (10 events):
Event: 0.516 GC heap before
{Heap before GC invocations=2 (full 0):
 PSYoungGen      total 76288K, used 67187K [0x000000076ab00000, 0x0000000770000000, 0x00000007c0000000)
  eden space 65536K, 98% used [0x000000076ab00000,0x000000076ea36c40,0x000000076eb00000)
  from space 10752K, 22% used [0x000000076eb00000,0x000000076ed66360,0x000000076f580000)
  to   space 10752K, 0% used [0x000000076f580000,0x000000076f580000,0x0000000770000000)
 ParOldGen       total 175104K, used 8K [0x00000006c0000000, 0x00000006cab00000, 0x000000076ab00000)
  object space 175104K, 0% used [0x00000006c0000000,0x00000006c0002000,0x00000006cab00000)
 Metaspace       used 5078K, capacity 5606K, committed 5760K, reserved 1056768K
  class space    used 480K, capacity 529K, committed 640K, reserved 1048576K
Event: 0.517 GC heap after
Heap after GC invocations=2 (full 0):
 PSYoungGen      total 76288K, used 2689K [0x000000076ab00000, 0x0000000774000000, 0x00000007c0000000)
  eden space 65536K, 0% used [0x000000076ab00000,0x000000076ab00000,0x000000076eb00000)
  from space 10752K, 25% used [0x000000076f580000,0x000000076f820598,0x0000000770000000)
  to   space 10752K, 0% used [0x000000076eb00000,0x000000076eb00000,0x000000076f580000)
 ParOldGen       total 175104K, used 16K [0x00000006c0000000, 0x00000006cab00000, 0x000000076ab00000)
  object space 175104K, 0% used [0x00000006c0000000,0x00000006c0004000,0x00000006cab00000)
 Metaspace       used 5078K, capacity 5606K, committed 5760K, reserved 1056768K
  class space    used 480K, capacity 529K, committed 640K, reserved 1048576K
}
Event: 0.633 GC heap before
{Heap before GC invocations=3 (full 0):
 PSYoungGen      total 76288K, used 68225K [0x000000076ab00000, 0x0000000774000000, 0x00000007c0000000)
  eden space 65536K, 100% used [0x000000076ab00000,0x000000076eb00000,0x000000076eb00000)
  from space 10752K, 25% used [0x000000076f580000,0x000000076f820598,0x0000000770000000)
  to   space 10752K, 0% used [0x000000076eb00000,0x000000076eb00000,0x000000076f580000)
 ParOldGen       total 175104K, used 16K [0x00000006c0000000, 0x00000006cab00000, 0x000000076ab00000)
  object space 175104K, 0% used [0x00000006c0000000,0x00000006c0004000,0x00000006cab00000)
 Metaspace       used 8636K, capacity 9128K, committed 9344K, reserved 1058816K
  class space    used 488K, capacity 529K, committed 640K, reserved 1048576K
Event: 0.634 GC heap after
Heap after GC invocations=3 (full 0):
 PSYoungGen      total 76288K, used 1666K [0x000000076ab00000, 0x0000000770000000, 0x00000007c0000000)
  eden space 65536K, 0% used [0x000000076ab00000,0x000000076ab00000,0x000000076eb00000)
  from space 10752K, 15% used [0x000000076eb00000,0x000000076eca0988,0x000000076f580000)
  to   space 10752K, 0% used [0x000000076f580000,0x000000076f580000,0x0000000770000000)
 ParOldGen       total 175104K, used 24K [0x00000006c0000000, 0x00000006cab00000, 0x000000076ab00000)
  object space 175104K, 0% used [0x00000006c0000000,0x00000006c0006000,0x00000006cab00000)
 Metaspace       used 8636K, capacity 9128K, committed 9344K, reserved 1058816K
  class space    used 488K, capacity 529K, committed 640K, reserved 1048576K
}
Event: 0.816 GC heap before
{Heap before GC invocations=4 (full 0):
 PSYoungGen      total 76288K, used 67202K [0x000000076ab00000, 0x0000000770000000, 0x00000007c0000000)
  eden space 65536K, 100% used [0x000000076ab00000,0x000000076eb00000,0x000000076eb00000)
  from space 10752K, 15% used [0x000000076eb00000,0x000000076eca0988,0x000000076f580000)
  to   space 10752K, 0% used [0x000000076f580000,0x000000076f580000,0x0000000770000000)
 ParOldGen       total 175104K, used 24K [0x00000006c0000000, 0x00000006cab00000, 0x000000076ab00000)
  object space 175104K, 0% used [0x00000006c0000000,0x00000006c0006000,0x00000006cab00000)
 Metaspace       used 10838K, capacity 11112K, committed 11392K, reserved 1060864K
  class space    used 756K, capacity 785K, committed 896K, reserved 1048576K
Event: 0.819 GC heap after
Heap after GC invocations=4 (full 0):
 PSYoungGen      total 76288K, used 2972K [0x000000076ab00000, 0x0000000774000000, 0x00000007c0000000)
  eden space 65536K, 0% used [0x000000076ab00000,0x000000076ab00000,0x000000076eb00000)
  from space 10752K, 27% used [0x000000076f580000,0x000000076f867208,0x0000000770000000)
  to   space 10752K, 0% used [0x000000076eb00000,0x000000076eb00000,0x000000076f580000)
 ParOldGen       total 175104K, used 32K [0x00000006c0000000, 0x00000006cab00000, 0x000000076ab00000)
  object space 175104K, 0% used [0x00000006c0000000,0x00000006c0008000,0x00000006cab00000)
 Metaspace       used 10838K, capacity 11112K, committed 11392K, reserved 1060864K
  class space    used 756K, capacity 785K, committed 896K, reserved 1048576K
}
Event: 3.121 GC heap before
{Heap before GC invocations=5 (full 0):
 PSYoungGen      total 76288K, used 68508K [0x000000076ab00000, 0x0000000774000000, 0x00000007c0000000)
  eden space 65536K, 100% used [0x000000076ab00000,0x000000076eb00000,0x000000076eb00000)
  from space 10752K, 27% used [0x000000076f580000,0x000000076f867208,0x0000000770000000)
  to   space 10752K, 0% used [0x000000076eb00000,0x000000076eb00000,0x000000076f580000)
 ParOldGen       total 175104K, used 32K [0x00000006c0000000, 0x00000006cab00000, 0x000000076ab00000)
  object space 175104K, 0% used [0x00000006c0000000,0x00000006c0008000,0x00000006cab00000)
 Metaspace       used 11761K, capacity 12052K, committed 12160K, reserved 1060864K
  class space    used 853K, capacity 883K, committed 896K, reserved 1048576K
Event: 3.125 GC heap after
Heap after GC invocations=5 (full 0):
 PSYoungGen      total 66560K, used 2330K [0x000000076ab00000, 0x000000076f600000, 0x00000007c0000000)
  eden space 64000K, 0% used [0x000000076ab00000,0x000000076ab00000,0x000000076e980000)
  from space 2560K, 91% used [0x000000076eb00000,0x000000076ed46998,0x000000076ed80000)
  to   space 3584K, 0% used [0x000000076f280000,0x000000076f280000,0x000000076f600000)
 ParOldGen       total 175104K, used 40K [0x00000006c0000000, 0x00000006cab00000, 0x000000076ab00000)
  object space 175104K, 0% used [0x00000006c0000000,0x00000006c000a000,0x00000006cab00000)
 Metaspace       used 11761K, capacity 12052K, committed 12160K, reserved 1060864K
  class space    used 853K, capacity 883K, committed 896K, reserved 1048576K
}
Event: 4.004 GC heap before
{Heap before GC invocations=6 (full 0):
 PSYoungGen      total 66560K, used 66330K [0x000000076ab00000, 0x000000076f600000, 0x00000007c0000000)
  eden space 64000K, 100% used [0x000000076ab00000,0x000000076e980000,0x000000076e980000)
  from space 2560K, 91% used [0x000000076eb00000,0x000000076ed46998,0x000000076ed80000)
  to   space 3584K, 0% used [0x000000076f280000,0x000000076f280000,0x000000076f600000)
 ParOldGen       total 175104K, used 40K [0x00000006c0000000, 0x00000006cab00000, 0x000000076ab00000)
  object space 175104K, 0% used [0x00000006c0000000,0x00000006c000a000,0x00000006cab00000)
 Metaspace       used 12528K, capacity 12660K, committed 12800K, reserved 1060864K
  class space    used 964K, capacity 979K, committed 1024K, reserved 1048576K
Event: 4.006 GC heap after
Heap after GC invocations=6 (full 0):
 PSYoungGen      total 65536K, used 2630K [0x000000076ab00000, 0x000000076f580000, 0x00000007c0000000)
  eden space 62464K, 0% used [0x000000076ab00000,0x000000076ab00000,0x000000076e800000)
  from space 3072K, 85% used [0x000000076f280000,0x000000076f5118f0,0x000000076f580000)
  to   space 3584K, 0% used [0x000000076ee80000,0x000000076ee80000,0x000000076f200000)
 ParOldGen       total 175104K, used 48K [0x00000006c0000000, 0x00000006cab00000, 0x000000076ab00000)
  object space 175104K, 0% used [0x00000006c0000000,0x00000006c000c000,0x00000006cab00000)
 Metaspace       used 12528K, capacity 12660K, committed 12800K, reserved 1060864K
  class space    used 964K, capacity 979K, committed 1024K, reserved 1048576K
}

Deoptimization events (3 events):
Event: 0.130 Thread 0x00007feab780c800 Uncommon trap: reason=unstable_if action=reinterpret pc=0x00000001103e1758 method=java.lang.String.hashCode()I @ 14
Event: 0.136 Thread 0x00007feab780c800 Uncommon trap: reason=unstable_if action=reinterpret pc=0x00000001103e446c method=java.lang.String.indexOf(II)I @ 49
Event: 2.796 Thread 0x00007feab780c800 Uncommon trap: reason=unstable_if action=reinterpret pc=0x00000001105ad13c method=sun.misc.URLClassPath.findResource(Ljava/lang/String;Z)Ljava/net/URL; @ 33

Classes redefined (0 events):
No events

Internal exceptions (10 events):
Event: 0.233 Thread 0x00007feab780c800 Exception <a 'java/security/PrivilegedActionException'> (0x000000076b301618) thrown at [/System/Volumes/Data/jenkins/workspace/8-2-build-macosx-x86_64/jdk8u291/1294/hotspot/src/share/vm/prims/jvm.cpp, line 1523]
Event: 0.233 Thread 0x00007feab780c800 Exception <a 'java/security/PrivilegedActionException'> (0x000000076b301a10) thrown at [/System/Volumes/Data/jenkins/workspace/8-2-build-macosx-x86_64/jdk8u291/1294/hotspot/src/share/vm/prims/jvm.cpp, line 1523]
Event: 0.233 Thread 0x00007feab780c800 Exception <a 'java/security/PrivilegedActionException'> (0x000000076b303138) thrown at [/System/Volumes/Data/jenkins/workspace/8-2-build-macosx-x86_64/jdk8u291/1294/hotspot/src/share/vm/prims/jvm.cpp, line 1523]
Event: 0.233 Thread 0x00007feab780c800 Exception <a 'java/security/PrivilegedActionException'> (0x000000076b303530) thrown at [/System/Volumes/Data/jenkins/workspace/8-2-build-macosx-x86_64/jdk8u291/1294/hotspot/src/share/vm/prims/jvm.cpp, line 1523]
Event: 0.233 Thread 0x00007feab780c800 Exception <a 'java/security/PrivilegedActionException'> (0x000000076b304ca0) thrown at [/System/Volumes/Data/jenkins/workspace/8-2-build-macosx-x86_64/jdk8u291/1294/hotspot/src/share/vm/prims/jvm.cpp, line 1523]
Event: 0.233 Thread 0x00007feab780c800 Exception <a 'java/security/PrivilegedActionException'> (0x000000076b305098) thrown at [/System/Volumes/Data/jenkins/workspace/8-2-build-macosx-x86_64/jdk8u291/1294/hotspot/src/share/vm/prims/jvm.cpp, line 1523]
Event: 0.246 Thread 0x00007feab780c800 Exception <a 'java/security/PrivilegedActionException'> (0x000000076b3d66f8) thrown at [/System/Volumes/Data/jenkins/workspace/8-2-build-macosx-x86_64/jdk8u291/1294/hotspot/src/share/vm/prims/jvm.cpp, line 1523]
Event: 0.246 Thread 0x00007feab780c800 Exception <a 'java/security/PrivilegedActionException'> (0x000000076b3d6908) thrown at [/System/Volumes/Data/jenkins/workspace/8-2-build-macosx-x86_64/jdk8u291/1294/hotspot/src/share/vm/prims/jvm.cpp, line 1523]
Event: 0.246 Thread 0x00007feab780c800 Exception <a 'java/security/PrivilegedActionException'> (0x000000076b3d9c38) thrown at [/System/Volumes/Data/jenkins/workspace/8-2-build-macosx-x86_64/jdk8u291/1294/hotspot/src/share/vm/prims/jvm.cpp, line 1523]
Event: 0.246 Thread 0x00007feab780c800 Exception <a 'java/security/PrivilegedActionException'> (0x000000076b3d9e48) thrown at [/System/Volumes/Data/jenkins/workspace/8-2-build-macosx-x86_64/jdk8u291/1294/hotspot/src/share/vm/prims/jvm.cpp, line 1523]

Events (10 events):
Event: 4.004 Executing VM operation: ParallelGCFailedAllocation
Event: 4.006 Executing VM operation: ParallelGCFailedAllocation done
Event: 4.014 Thread 0x00007feab780c800 DEOPT PACKING pc=0x00000001106895ab sp=0x0000700001fb4f30
Event: 4.014 Thread 0x00007feab780c800 DEOPT UNPACKING pc=0x0000000110313784 sp=0x0000700001fb4c68 mode 0
Event: 4.016 loading class org/bytedeco/ffmpeg/swscale/SwsContext
Event: 4.016 loading class org/bytedeco/ffmpeg/swscale/SwsContext done
Event: 4.016 loading class org/bytedeco/ffmpeg/swscale/SwsVector
Event: 4.016 loading class org/bytedeco/ffmpeg/swscale/SwsVector done
Event: 4.016 loading class org/bytedeco/ffmpeg/swscale/SwsFilter
Event: 4.016 loading class org/bytedeco/ffmpeg/swscale/SwsFilter done


Dynamic libraries:
0x00007fff38a2f000 	/System/Library/Frameworks/Cocoa.framework/Versions/A/Cocoa
0x00007fff46226000 	/System/Library/Frameworks/Security.framework/Versions/A/Security
0x00007fff37994000 	/System/Library/Frameworks/ApplicationServices.framework/Versions/A/ApplicationServices
0x00007fff72f2a000 	/usr/lib/libz.1.dylib
0x00007fff709ee000 	/usr/lib/libSystem.B.dylib
0x00007fff398d1000 	/System/Library/Frameworks/CoreFoundation.framework/Versions/A/CoreFoundation
0x00007fff3bf8e000 	/System/Library/Frameworks/Foundation.framework/Versions/C/Foundation
0x00007fff7284e000 	/usr/lib/libobjc.A.dylib
0x00007fff36b84000 	/System/Library/Frameworks/AppKit.framework/Versions/C/AppKit
0x00007fff393b3000 	/System/Library/Frameworks/CoreData.framework/Versions/A/CoreData
0x00007fff6aa03000 	/System/Library/PrivateFrameworks/UIFoundation.framework/Versions/A/UIFoundation
0x00007fff65a97000 	/System/Library/PrivateFrameworks/RemoteViewServices.framework/Versions/A/RemoteViewServices
0x00007fff6d55e000 	/System/Library/PrivateFrameworks/XCTTargetBootstrap.framework/Versions/A/XCTTargetBootstrap
0x00007fff3979e000 	/System/Library/Frameworks/CoreDisplay.framework/Versions/A/CoreDisplay
0x00007fff3ee49000 	/System/Library/Frameworks/Metal.framework/Versions/A/Metal
0x00007fff53a40000 	/System/Library/PrivateFrameworks/DesktopServicesPriv.framework/Versions/A/DesktopServicesPriv
0x00007fff71b29000 	/usr/lib/liblangid.dylib
0x00007fff52cd5000 	/System/Library/PrivateFrameworks/CoreSVG.framework/Versions/A/CoreSVG
0x00007fff68bf3000 	/System/Library/PrivateFrameworks/SkyLight.framework/Versions/A/SkyLight
0x00007fff39d52000 	/System/Library/Frameworks/CoreGraphics.framework/Versions/A/CoreGraphics
0x00007fff35558000 	/System/Library/Frameworks/Accelerate.framework/Versions/A/Accelerate
0x00007fff72e1b000 	/usr/lib/libxml2.2.dylib
0x00007fff5e9de000 	/System/Library/PrivateFrameworks/IconServices.framework/Versions/A/IconServices
0x00007fff3c76d000 	/System/Library/Frameworks/IOSurface.framework/Versions/A/IOSurface
0x00007fff70518000 	/usr/lib/libDiagnosticMessagesClient.dylib
0x00007fff5389a000 	/System/Library/PrivateFrameworks/DFRFoundation.framework/Versions/A/DFRFoundation
0x00007fff718b8000 	/usr/lib/libicucore.A.dylib
0x00007fff37cc6000 	/System/Library/Frameworks/AudioToolbox.framework/Versions/A/AudioToolbox
0x00007fff37da9000 	/System/Library/Frameworks/AudioUnit.framework/Versions/A/AudioUnit
0x00007fff70bf0000 	/usr/lib/libauto.dylib
0x00007fff5393c000 	/System/Library/PrivateFrameworks/DataDetectorsCore.framework/Versions/A/DataDetectorsCore
0x00007fff38550000 	/System/Library/Frameworks/Carbon.framework/Versions/A/Frameworks/HIToolbox.framework/Versions/A/HIToolbox
0x00007fff45422000 	/System/Library/Frameworks/QuartzCore.framework/Versions/A/QuartzCore
0x00007fff3888f000 	/System/Library/Frameworks/Carbon.framework/Versions/A/Frameworks/SpeechRecognition.framework/Versions/A/SpeechRecognition
0x00007fff533ae000 	/System/Library/PrivateFrameworks/CoreUI.framework/Versions/A/CoreUI
0x00007fff38e1e000 	/System/Library/Frameworks/CoreAudio.framework/Versions/A/CoreAudio
0x00007fff3bc4d000 	/System/Library/Frameworks/DiskArbitration.framework/Versions/A/DiskArbitration
0x00007fff60a72000 	/System/Library/PrivateFrameworks/MultitouchSupport.framework/Versions/A/MultitouchSupport
0x00007fff7177f000 	/usr/lib/libenergytrace.dylib
0x00007fff3c6c7000 	/System/Library/Frameworks/IOKit.framework/Versions/A/IOKit
0x00007fff3acb9000 	/System/Library/Frameworks/CoreServices.framework/Versions/A/CoreServices
0x00007fff62c2a000 	/System/Library/PrivateFrameworks/PerformanceAnalysis.framework/Versions/A/PerformanceAnalysis
0x00007fff44455000 	/System/Library/Frameworks/OpenGL.framework/Versions/A/OpenGL
0x00007fff38a3d000 	/System/Library/Frameworks/ColorSync.framework/Versions/A/ColorSync
0x00007fff3a3d5000 	/System/Library/Frameworks/CoreImage.framework/Versions/A/CoreImage
0x00007fff3b72c000 	/System/Library/Frameworks/CoreText.framework/Versions/A/CoreText
0x00007fff3c7fd000 	/System/Library/Frameworks/ImageIO.framework/Versions/A/ImageIO
0x00007fff70cd4000 	/usr/lib/libc++.1.dylib
0x00007fff70d50000 	/usr/lib/libcompression.dylib
0x00007fff7085c000 	/usr/lib/libMobileGestalt.dylib
0x00007fff6a76d000 	/System/Library/PrivateFrameworks/TextureIO.framework/Versions/A/TextureIO
0x00007fff70b53000 	/usr/lib/libate.dylib
0x00007fff5ebe7000 	/System/Library/PrivateFrameworks/InternationalSupport.framework/Versions/A/InternationalSupport
0x00007fff737eb000 	/usr/lib/system/libcache.dylib
0x00007fff737f1000 	/usr/lib/system/libcommonCrypto.dylib
0x00007fff737fd000 	/usr/lib/system/libcompiler_rt.dylib
0x00007fff73805000 	/usr/lib/system/libcopyfile.dylib
0x00007fff7380f000 	/usr/lib/system/libcorecrypto.dylib
0x00007fff739ae000 	/usr/lib/system/libdispatch.dylib
0x00007fff739ef000 	/usr/lib/system/libdyld.dylib
0x00007fff73a26000 	/usr/lib/system/libkeymgr.dylib
0x00007fff73a34000 	/usr/lib/system/liblaunch.dylib
0x00007fff73a35000 	/usr/lib/system/libmacho.dylib
0x00007fff73a3b000 	/usr/lib/system/libquarantine.dylib
0x00007fff73a3e000 	/usr/lib/system/libremovefile.dylib
0x00007fff73a40000 	/usr/lib/system/libsystem_asl.dylib
0x00007fff73a58000 	/usr/lib/system/libsystem_blocks.dylib
0x00007fff73a59000 	/usr/lib/system/libsystem_c.dylib
0x00007fff73ae1000 	/usr/lib/system/libsystem_configuration.dylib
0x00007fff73ae5000 	/usr/lib/system/libsystem_coreservices.dylib
0x00007fff73ae9000 	/usr/lib/system/libsystem_darwin.dylib
0x00007fff73af2000 	/usr/lib/system/libsystem_dnssd.dylib
0x00007fff73afa000 	/usr/lib/system/libsystem_featureflags.dylib
0x00007fff73afc000 	/usr/lib/system/libsystem_info.dylib
0x00007fff73b77000 	/usr/lib/system/libsystem_m.dylib
0x00007fff73bbf000 	/usr/lib/system/libsystem_malloc.dylib
0x00007fff73be7000 	/usr/lib/system/libsystem_networkextension.dylib
0x00007fff73bf5000 	/usr/lib/system/libsystem_notify.dylib
0x00007fff73c13000 	/usr/lib/system/libsystem_sandbox.dylib
0x00007fff73c18000 	/usr/lib/system/libsystem_secinit.dylib
0x00007fff73b4a000 	/usr/lib/system/libsystem_kernel.dylib
0x00007fff73bff000 	/usr/lib/system/libsystem_platform.dylib
0x00007fff73c08000 	/usr/lib/system/libsystem_pthread.dylib
0x00007fff73c1b000 	/usr/lib/system/libsystem_symptoms.dylib
0x00007fff73c23000 	/usr/lib/system/libsystem_trace.dylib
0x00007fff73c3b000 	/usr/lib/system/libunwind.dylib
0x00007fff73c41000 	/usr/lib/system/libxpc.dylib
0x00007fff70d27000 	/usr/lib/libc++abi.dylib
0x00007fff71b2b000 	/usr/lib/liblzma.5.dylib
0x00007fff717a6000 	/usr/lib/libfakelink.dylib
0x00007fff70ae0000 	/usr/lib/libarchive.2.dylib
0x00007fff472d7000 	/System/Library/Frameworks/SystemConfiguration.framework/Versions/A/SystemConfiguration
0x00007fff7044b000 	/usr/lib/libCRFSuite.dylib
0x00007fff38140000 	/System/Library/Frameworks/CFNetwork.framework/Versions/A/CFNetwork
0x00007fff70cb6000 	/usr/lib/libbsm.0.dylib
0x00007fff73a27000 	/usr/lib/system/libkxld.dylib
0x00007fff4d217000 	/System/Library/PrivateFrameworks/AppleFSCompression.framework/Versions/A/AppleFSCompression
0x00007fff71041000 	/usr/lib/libcoretls.dylib
0x00007fff71058000 	/usr/lib/libcoretls_cfhelpers.dylib
0x00007fff72894000 	/usr/lib/libpam.2.dylib
0x00007fff729c9000 	/usr/lib/libsqlite3.dylib
0x00007fff72e08000 	/usr/lib/libxar.1.dylib
0x00007fff70cc7000 	/usr/lib/libbz2.1.0.dylib
0x00007fff717c7000 	/usr/lib/libiconv.2.dylib
0x00007fff70d3d000 	/usr/lib/libcharset.1.dylib
0x00007fff72331000 	/usr/lib/libnetwork.dylib
0x00007fff7289b000 	/usr/lib/libpcap.A.dylib
0x00007fff70a95000 	/usr/lib/libapple_nghttp2.dylib
0x00007fff3b070000 	/System/Library/Frameworks/CoreServices.framework/Versions/A/Frameworks/FSEvents.framework/Versions/A/FSEvents
0x00007fff3ad40000 	/System/Library/Frameworks/CoreServices.framework/Versions/A/Frameworks/CarbonCore.framework/Versions/A/CarbonCore
0x00007fff3b2b4000 	/System/Library/Frameworks/CoreServices.framework/Versions/A/Frameworks/Metadata.framework/Versions/A/Metadata
0x00007fff3b34d000 	/System/Library/Frameworks/CoreServices.framework/Versions/A/Frameworks/OSServices.framework/Versions/A/OSServices
0x00007fff3b37b000 	/System/Library/Frameworks/CoreServices.framework/Versions/A/Frameworks/SearchKit.framework/Versions/A/SearchKit
0x00007fff3acba000 	/System/Library/Frameworks/CoreServices.framework/Versions/A/Frameworks/AE.framework/Versions/A/AE
0x00007fff3b079000 	/System/Library/Frameworks/CoreServices.framework/Versions/A/Frameworks/LaunchServices.framework/Versions/A/LaunchServices
0x00007fff3b022000 	/System/Library/Frameworks/CoreServices.framework/Versions/A/Frameworks/DictionaryServices.framework/Versions/A/DictionaryServices
0x00007fff3b3e3000 	/System/Library/Frameworks/CoreServices.framework/Versions/A/Frameworks/SharedFileList.framework/Versions/A/SharedFileList
0x00007fff40274000 	/System/Library/Frameworks/NetFS.framework/Versions/A/NetFS
0x00007fff60fa2000 	/System/Library/PrivateFrameworks/NetAuth.framework/Versions/A/NetAuth
0x00007fff6d92b000 	/System/Library/PrivateFrameworks/login.framework/Versions/A/Frameworks/loginsupport.framework/Versions/A/loginsupport
0x00007fff6a238000 	/System/Library/PrivateFrameworks/TCC.framework/Versions/A/TCC
0x00007fff51e48000 	/System/Library/PrivateFrameworks/CoreNLP.framework/Versions/A/CoreNLP
0x00007fff6045b000 	/System/Library/PrivateFrameworks/MetadataUtilities.framework/Versions/A/MetadataUtilities
0x00007fff71c03000 	/usr/lib/libmecabra.dylib
0x00007fff71b5b000 	/usr/lib/libmecab.dylib
0x00007fff717b7000 	/usr/lib/libgermantok.dylib
0x00007fff70a7c000 	/usr/lib/libThaiTokenizer.dylib
0x00007fff70482000 	/usr/lib/libChineseTokenizer.dylib
0x00007fff35570000 	/System/Library/Frameworks/Accelerate.framework/Versions/A/Frameworks/vImage.framework/Versions/A/vImage
0x00007fff369da000 	/System/Library/Frameworks/Accelerate.framework/Versions/A/Frameworks/vecLib.framework/Versions/A/vecLib
0x00007fff36917000 	/System/Library/Frameworks/Accelerate.framework/Versions/A/Frameworks/vecLib.framework/Versions/A/libvMisc.dylib
0x00007fff3673f000 	/System/Library/Frameworks/Accelerate.framework/Versions/A/Frameworks/vecLib.framework/Versions/A/libvDSP.dylib
0x00007fff35bc7000 	/System/Library/Frameworks/Accelerate.framework/Versions/A/Frameworks/vecLib.framework/Versions/A/libBLAS.dylib
0x00007fff36303000 	/System/Library/Frameworks/Accelerate.framework/Versions/A/Frameworks/vecLib.framework/Versions/A/libLAPACK.dylib
0x00007fff3669f000 	/System/Library/Frameworks/Accelerate.framework/Versions/A/Frameworks/vecLib.framework/Versions/A/libLinearAlgebra.dylib
0x00007fff3672c000 	/System/Library/Frameworks/Accelerate.framework/Versions/A/Frameworks/vecLib.framework/Versions/A/libSparseBLAS.dylib
0x00007fff366b5000 	/System/Library/Frameworks/Accelerate.framework/Versions/A/Frameworks/vecLib.framework/Versions/A/libQuadrature.dylib
0x00007fff35e2f000 	/System/Library/Frameworks/Accelerate.framework/Versions/A/Frameworks/vecLib.framework/Versions/A/libBNNS.dylib
0x00007fff366bb000 	/System/Library/Frameworks/Accelerate.framework/Versions/A/Frameworks/vecLib.framework/Versions/A/libSparse.dylib
0x00007fff5efcf000 	/System/Library/PrivateFrameworks/LanguageModeling.framework/Versions/A/LanguageModeling
0x00007fff517f8000 	/System/Library/PrivateFrameworks/CoreEmoji.framework/Versions/A/CoreEmoji
0x00007fff5f0ed000 	/System/Library/PrivateFrameworks/LinguisticData.framework/Versions/A/LinguisticData
0x00007fff5f09e000 	/System/Library/PrivateFrameworks/Lexicon.framework/Versions/A/Lexicon
0x00007fff70d3e000 	/usr/lib/libcmph.dylib
0x00007fff42e63000 	/System/Library/Frameworks/OpenDirectory.framework/Versions/A/Frameworks/CFOpenDirectory.framework/Versions/A/CFOpenDirectory
0x00007fff42e80000 	/System/Library/Frameworks/OpenDirectory.framework/Versions/A/OpenDirectory
0x00007fff4b2c1000 	/System/Library/PrivateFrameworks/APFS.framework/Versions/A/APFS
0x00007fff46570000 	/System/Library/Frameworks/SecurityFoundation.framework/Versions/A/SecurityFoundation
0x00007fff72e04000 	/usr/lib/libutil.dylib
0x00007fff52d2d000 	/System/Library/PrivateFrameworks/CoreServicesStore.framework/Versions/A/CoreServicesStore
0x00007fff46627000 	/System/Library/Frameworks/ServiceManagement.framework/Versions/A/ServiceManagement
0x00007fff4e9e7000 	/System/Library/PrivateFrameworks/BackgroundTaskManagement.framework/Versions/A/BackgroundTaskManagement
0x00007fff72f01000 	/usr/lib/libxslt.1.dylib
0x00007fff4d88a000 	/System/Library/PrivateFrameworks/AppleSystemInfo.framework/Versions/A/AppleSystemInfo
0x00007fff3ca18000 	/System/Library/Frameworks/ImageIO.framework/Versions/A/Resources/libJPEG.dylib
0x00007fff3ccd7000 	/System/Library/Frameworks/ImageIO.framework/Versions/A/Resources/libTIFF.dylib
0x00007fff3ccba000 	/System/Library/Frameworks/ImageIO.framework/Versions/A/Resources/libPng.dylib
0x00007fff3c95a000 	/System/Library/Frameworks/ImageIO.framework/Versions/A/Resources/libGIF.dylib
0x00007fff3c95e000 	/System/Library/Frameworks/ImageIO.framework/Versions/A/Resources/libJP2.dylib
0x00007fff3ccd5000 	/System/Library/Frameworks/ImageIO.framework/Versions/A/Resources/libRadiance.dylib
0x00007fff71780000 	/usr/lib/libexpat.1.dylib
0x00007fff4d372000 	/System/Library/PrivateFrameworks/AppleJPEG.framework/Versions/A/AppleJPEG
0x00007fff56043000 	/System/Library/PrivateFrameworks/FontServices.framework/libFontParser.dylib
0x00007fff6c92d000 	/System/Library/PrivateFrameworks/WatchdogClient.framework/Versions/A/WatchdogClient
0x00007fff5e62a000 	/System/Library/PrivateFrameworks/IOAccelerator.framework/Versions/A/IOAccelerator
0x00007fff3f1e4000 	/System/Library/Frameworks/MetalPerformanceShaders.framework/Versions/A/MetalPerformanceShaders
0x00007fff5adc0000 	/System/Library/PrivateFrameworks/GPUWrangler.framework/Versions/A/GPUWrangler
0x00007fff5e63f000 	/System/Library/PrivateFrameworks/IOPresentment.framework/Versions/A/IOPresentment
0x00007fff538ad000 	/System/Library/PrivateFrameworks/DSExternalDisplay.framework/Versions/A/DSExternalDisplay
0x00007fff437f4000 	/System/Library/Frameworks/OpenGL.framework/Versions/A/Libraries/libCoreFSCache.dylib
0x00007fff3ef30000 	/System/Library/Frameworks/MetalPerformanceShaders.framework/Frameworks/MPSCore.framework/Versions/A/MPSCore
0x00007fff3ef6e000 	/System/Library/Frameworks/MetalPerformanceShaders.framework/Frameworks/MPSImage.framework/Versions/A/MPSImage
0x00007fff3f035000 	/System/Library/Frameworks/MetalPerformanceShaders.framework/Frameworks/MPSNeuralNetwork.framework/Versions/A/MPSNeuralNetwork
0x00007fff3eff9000 	/System/Library/Frameworks/MetalPerformanceShaders.framework/Frameworks/MPSMatrix.framework/Versions/A/MPSMatrix
0x00007fff3f194000 	/System/Library/Frameworks/MetalPerformanceShaders.framework/Frameworks/MPSRayIntersector.framework/Versions/A/MPSRayIntersector
0x00007fff3f01f000 	/System/Library/Frameworks/MetalPerformanceShaders.framework/Frameworks/MPSNDArray.framework/Versions/A/MPSNDArray
0x00007fff604a8000 	/System/Library/PrivateFrameworks/MetalTools.framework/Versions/A/MetalTools
0x00007fff4c49b000 	/System/Library/PrivateFrameworks/AggregateDictionary.framework/Versions/A/AggregateDictionary
0x00007fff51240000 	/System/Library/PrivateFrameworks/CoreAnalytics.framework/Versions/A/CoreAnalytics
0x00007fff4d7a9000 	/System/Library/PrivateFrameworks/AppleSauce.framework/Versions/A/AppleSauce
0x00007fff7073e000 	/usr/lib/libIOReport.dylib
0x00007fff3b8e4000 	/System/Library/Frameworks/CoreVideo.framework/Versions/A/CoreVideo
0x00007fff5c239000 	/System/Library/PrivateFrameworks/GraphVisualizer.framework/Versions/A/GraphVisualizer
0x00007fff55589000 	/System/Library/PrivateFrameworks/FaceCore.framework/Versions/A/FaceCore
0x00007fff42e0a000 	/System/Library/Frameworks/OpenCL.framework/Versions/A/OpenCL
0x00007fff70560000 	/usr/lib/libFosl_dynamic.dylib
0x00007fff619c2000 	/System/Library/PrivateFrameworks/OTSVG.framework/Versions/A/OTSVG
0x00007fff37a99000 	/System/Library/Frameworks/ApplicationServices.framework/Versions/A/Frameworks/ATS.framework/Versions/A/Resources/libFontRegistry.dylib
0x00007fff56214000 	/System/Library/PrivateFrameworks/FontServices.framework/libhvf.dylib
0x00007fff437ff000 	/System/Library/Frameworks/OpenGL.framework/Versions/A/Libraries/libGFXShared.dylib
0x00007fff439dd000 	/System/Library/Frameworks/OpenGL.framework/Versions/A/Libraries/libGLU.dylib
0x00007fff43808000 	/System/Library/Frameworks/OpenGL.framework/Versions/A/Libraries/libGL.dylib
0x00007fff43813000 	/System/Library/Frameworks/OpenGL.framework/Versions/A/Libraries/libGLImage.dylib
0x00007fff437f1000 	/System/Library/Frameworks/OpenGL.framework/Versions/A/Libraries/libCVMSPluginSupport.dylib
0x00007fff437fa000 	/System/Library/Frameworks/OpenGL.framework/Versions/A/Libraries/libCoreVMClient.dylib
0x00007fff721d2000 	/usr/lib/libncurses.5.4.dylib
0x00007fff37995000 	/System/Library/Frameworks/ApplicationServices.framework/Versions/A/Frameworks/ATS.framework/Versions/A/ATS
0x00007fff37b62000 	/System/Library/Frameworks/ApplicationServices.framework/Versions/A/Frameworks/ColorSyncLegacy.framework/Versions/A/ColorSyncLegacy
0x00007fff37c00000 	/System/Library/Frameworks/ApplicationServices.framework/Versions/A/Frameworks/HIServices.framework/Versions/A/HIServices
0x00007fff37c58000 	/System/Library/Frameworks/ApplicationServices.framework/Versions/A/Frameworks/LangAnalysis.framework/Versions/A/LangAnalysis
0x00007fff37c67000 	/System/Library/Frameworks/ApplicationServices.framework/Versions/A/Frameworks/PrintCore.framework/Versions/A/PrintCore
0x00007fff37cad000 	/System/Library/Frameworks/ApplicationServices.framework/Versions/A/Frameworks/QD.framework/Versions/A/QD
0x00007fff37cb8000 	/System/Library/Frameworks/ApplicationServices.framework/Versions/A/Frameworks/SpeechSynthesis.framework/Versions/A/SpeechSynthesis
0x00007fff37b32000 	/System/Library/Frameworks/ApplicationServices.framework/Versions/A/Frameworks/ATSUI.framework/Versions/A/ATSUI
0x00007fff71616000 	/usr/lib/libcups.2.dylib
0x00007fff3e27f000 	/System/Library/Frameworks/Kerberos.framework/Versions/A/Kerberos
0x00007fff3c3c0000 	/System/Library/Frameworks/GSS.framework/Versions/A/GSS
0x00007fff72955000 	/usr/lib/libresolv.9.dylib
0x00007fff5c3e6000 	/System/Library/PrivateFrameworks/Heimdal.framework/Versions/A/Heimdal
0x00007fff3e292000 	/System/Library/Frameworks/Kerberos.framework/Versions/A/Libraries/libHeimdalProxy.dylib
0x00007fff717bd000 	/usr/lib/libheimdal-asn1.dylib
0x00007fff506d8000 	/System/Library/PrivateFrameworks/CommonAuth.framework/Versions/A/CommonAuth
0x00007fff4d927000 	/System/Library/PrivateFrameworks/AssertionServices.framework/Versions/A/AssertionServices
0x00007fff4e4ca000 	/System/Library/PrivateFrameworks/AudioToolboxCore.framework/Versions/A/AudioToolboxCore
0x00007fff6d5db000 	/System/Library/PrivateFrameworks/caulk.framework/Versions/A/caulk
0x00007fff4ea93000 	/System/Library/PrivateFrameworks/BaseBoard.framework/Versions/A/BaseBoard
0x00007fff65c25000 	/System/Library/PrivateFrameworks/RunningBoardServices.framework/Versions/A/RunningBoardServices
0x00007fff62c36000 	/System/Library/PrivateFrameworks/PersistentConnection.framework/Versions/A/PersistentConnection
0x00007fff6561e000 	/System/Library/PrivateFrameworks/ProtocolBuffer.framework/Versions/A/ProtocolBuffer
0x00007fff506fc000 	/System/Library/PrivateFrameworks/CommonUtilities.framework/Versions/A/CommonUtilities
0x00007fff4ec21000 	/System/Library/PrivateFrameworks/Bom.framework/Versions/A/Bom
0x00007fff70411000 	/usr/lib/libAudioToolboxUtility.dylib
0x00007fff4e9f1000 	/System/Library/PrivateFrameworks/Backup.framework/Versions/A/Backup
0x00007fff537ce000 	/System/Library/PrivateFrameworks/CrashReporterSupport.framework/Versions/A/CrashReporterSupport
0x00007fff676b7000 	/System/Library/PrivateFrameworks/Sharing.framework/Versions/A/Sharing
0x00007fff4cf35000 	/System/Library/PrivateFrameworks/Apple80211.framework/Versions/A/Apple80211
0x00007fff4e70e000 	/System/Library/PrivateFrameworks/AuthKit.framework/Versions/A/AuthKit
0x00007fff534db000 	/System/Library/PrivateFrameworks/CoreUtils.framework/Versions/A/CoreUtils
0x00007fff3b929000 	/System/Library/Frameworks/CoreWLAN.framework/Versions/A/CoreWLAN
0x00007fff3c54d000 	/System/Library/Frameworks/IOBluetooth.framework/Versions/A/IOBluetooth
0x00007fff607f1000 	/System/Library/PrivateFrameworks/MobileKeyBag.framework/Versions/A/MobileKeyBag
0x00007fff522e0000 	/System/Library/PrivateFrameworks/CorePhoneNumbers.framework/Versions/A/CorePhoneNumbers
0x00007fff4d325000 	/System/Library/PrivateFrameworks/AppleIDAuthSupport.framework/Versions/A/AppleIDAuthSupport
0x00007fff40281000 	/System/Library/Frameworks/Network.framework/Versions/A/Network
0x00007fff5ee7b000 	/System/Library/PrivateFrameworks/KeychainCircle.framework/Versions/A/KeychainCircle
0x00007fff3937a000 	/System/Library/Frameworks/CoreBluetooth.framework/Versions/A/CoreBluetooth
0x00007fff69736000 	/System/Library/PrivateFrameworks/SpeechRecognitionCore.framework/Versions/A/SpeechRecognitionCore
0x00007fff2c99c000 	/System/Library/CoreServices/Encodings/libSimplifiedChineseConverter.dylib
0x0000000107000000 	/Library/Java/JavaVirtualMachines/jdk1.8.0_291.jdk/Contents/Home/jre/lib/server/libjvm.dylib
0x000000010562b000 	/Library/Java/JavaVirtualMachines/jdk1.8.0_291.jdk/Contents/Home/jre/lib/libverify.dylib
0x000000010563c000 	/Library/Java/JavaVirtualMachines/jdk1.8.0_291.jdk/Contents/Home/jre/lib/libjava.dylib
0x00000001056b9000 	/Library/Java/JavaVirtualMachines/jdk1.8.0_291.jdk/Contents/Home/jre/lib/libzip.dylib
0x000000010c1cd000 	/Users/xianglong/.javacpp/cache/javacpp-1.5.7-macosx-x86_64.jar/org/bytedeco/javacpp/macosx-x86_64/libjnijavacpp.dylib
0x000000010c1e1000 	/Library/Java/JavaVirtualMachines/jdk1.8.0_291.jdk/Contents/Home/jre/lib/libnio.dylib
0x000000010c1f3000 	/Library/Java/JavaVirtualMachines/jdk1.8.0_291.jdk/Contents/Home/jre/lib/libnet.dylib
0x000000010c20d000 	/Users/xianglong/.javacpp/cache/openblas-0.3.19-1.5.7-macosx-x86_64.jar/org/bytedeco/openblas/macosx-x86_64/libgcc_s.1.dylib
0x000000010c235000 	/Users/xianglong/.javacpp/cache/openblas-0.3.19-1.5.7-macosx-x86_64.jar/org/bytedeco/openblas/macosx-x86_64/libquadmath.0.dylib
0x000000010c281000 	/Users/xianglong/.javacpp/cache/openblas-0.3.19-1.5.7-macosx-x86_64.jar/org/bytedeco/openblas/macosx-x86_64/libgfortran.4.dylib
0x000000010c4b1000 	/Users/xianglong/.javacpp/cache/openblas-0.3.19-1.5.7-macosx-x86_64.jar/org/bytedeco/openblas/macosx-x86_64/libopenblas_nolapack.0.dylib
0x00000001100a9000 	/Users/xianglong/.javacpp/cache/openblas-0.3.19-1.5.7-macosx-x86_64.jar/org/bytedeco/openblas/macosx-x86_64/libjniopenblas_nolapack.dylib
0x000000014f4cc000 	/Users/xianglong/.javacpp/cache/openblas-0.3.19-1.5.7-macosx-x86_64.jar/org/bytedeco/openblas/macosx-x86_64/libopenblas.0.dylib
0x000000017b0c4000 	/Users/xianglong/.javacpp/cache/openblas-0.3.19-1.5.7-macosx-x86_64.jar/org/bytedeco/openblas/macosx-x86_64/libjniopenblas.dylib
0x000000017c89c000 	/Users/xianglong/.javacpp/cache/opencv-4.5.5-1.5.7-macosx-x86_64.jar/org/bytedeco/opencv/macosx-x86_64/libopencv_core.405.dylib
0x000000017cc42000 	/Users/xianglong/.javacpp/cache/opencv-4.5.5-1.5.7-macosx-x86_64.jar/org/bytedeco/opencv/macosx-x86_64/libopencv_imgproc.405.dylib
0x000000017d176000 	/Users/xianglong/.javacpp/cache/opencv-4.5.5-1.5.7-macosx-x86_64.jar/org/bytedeco/opencv/macosx-x86_64/libjniopencv_core.dylib
0x000000017d4e6000 	/Users/xianglong/.javacpp/cache/opencv-4.5.5-1.5.7-macosx-x86_64.jar/org/bytedeco/opencv/macosx-x86_64/libjniopencv_imgproc.dylib
0x000000017d862000 	/Users/xianglong/.javacpp/cache/opencv-4.5.5-1.5.7-macosx-x86_64.jar/org/bytedeco/opencv/macosx-x86_64/libopencv_imgcodecs.405.dylib
0x00000001100f1000 	/Users/xianglong/.javacpp/cache/opencv-4.5.5-1.5.7-macosx-x86_64.jar/org/bytedeco/opencv/macosx-x86_64/libjniopencv_imgcodecs.dylib
0x0000000110135000 	/Users/xianglong/.javacpp/cache/opencv-4.5.5-1.5.7-macosx-x86_64.jar/org/bytedeco/opencv/macosx-x86_64/libopencv_videoio.405.dylib
0x00007fff35170000 	/System/Library/Frameworks/AVFoundation.framework/Versions/A/AVFoundation
0x00007fff3aaf1000 	/System/Library/Frameworks/CoreMedia.framework/Versions/A/CoreMedia
0x00007fff3536c000 	/System/Library/Frameworks/AVFoundation.framework/Versions/A/Frameworks/AVFAudio.framework/Versions/A/AVFAudio
0x00007fff5fbf7000 	/System/Library/PrivateFrameworks/MediaExperience.framework/Versions/A/MediaExperience
0x00007fff3e6fa000 	/System/Library/Frameworks/MediaToolbox.framework/Versions/A/MediaToolbox
0x00007fff475d1000 	/System/Library/Frameworks/VideoToolbox.framework/Versions/A/VideoToolbox
0x00007fff3abcd000 	/System/Library/Frameworks/CoreMediaIO.framework/Versions/A/CoreMediaIO
0x00007fff70404000 	/usr/lib/libAudioStatistics.dylib
0x00007fff6d973000 	/System/Library/PrivateFrameworks/perfdata.framework/Versions/A/perfdata
0x00007fff72911000 	/usr/lib/libperfcheck.dylib
0x00007fff708fc000 	/usr/lib/libSMC.dylib
0x00007fff4de79000 	/System/Library/PrivateFrameworks/AudioResourceArbitration.framework/Versions/A/AudioResourceArbitration
0x00007fff729c7000 	/usr/lib/libspindump.dylib
0x00007fff511f0000 	/System/Library/PrivateFrameworks/CoreAVCHD.framework/Versions/A/CoreAVCHD
0x00007fff3e624000 	/System/Library/Frameworks/MediaAccessibility.framework/Versions/A/MediaAccessibility
0x00007fff5f98b000 	/System/Library/PrivateFrameworks/Mangrove.framework/Versions/A/Mangrove
0x00007fff50e1a000 	/System/Library/PrivateFrameworks/CoreAUC.framework/Versions/A/CoreAUC
0x00007fff4d88e000 	/System/Library/PrivateFrameworks/AppleVA.framework/Versions/A/AppleVA
0x0000000110188000 	/Users/xianglong/.javacpp/cache/opencv-4.5.5-1.5.7-macosx-x86_64.jar/org/bytedeco/opencv/macosx-x86_64/libjniopencv_videoio.dylib
0x000000017dbe5000 	/System/Library/Extensions/AppleGFXHDA.kext/Contents/PlugIns/AppleGFXHDAHALPlugIn.bundle/Contents/MacOS/AppleGFXHDAHALPlugIn
0x000000017dbf2000 	/System/Library/Frameworks/CoreMediaIO.framework/Resources/VDC.plugin/Contents/MacOS/VDC
0x00007fff6d92e000 	/System/Library/PrivateFrameworks/login.framework/Versions/A/login
0x000000017dc5a000 	/System/Library/Frameworks/CoreMediaIO.framework/Resources/BaseUnits/CMIOBaseUnits.bundle/Contents/MacOS/CMIOBaseUnits
0x00007fff52cf9000 	/System/Library/PrivateFrameworks/CoreServicesInternal.framework/Versions/A/CoreServicesInternal
0x00007fff2d084000 	/System/Library/Extensions/AMDRadeonX6000MTLDriver.bundle/Contents/MacOS/AMDRadeonX6000MTLDriver
0x00007fff5e620000 	/System/Library/PrivateFrameworks/IOAccelMemoryInfo.framework/Versions/A/IOAccelMemoryInfo
0x00007fff322d1000 	/System/Library/Extensions/AppleIntelKBLGraphicsMTLDriver.bundle/Contents/MacOS/AppleIntelKBLGraphicsMTLDriver
0x000000017e246000 	/System/Library/Frameworks/CoreMediaIO.framework/Resources/CMIOUnits.bundle/Contents/MacOS/CMIOUnits
0x00007fff55573000 	/System/Library/PrivateFrameworks/FWAVC.framework/Versions/A/FWAVC
0x00007fff3854b000 	/System/Library/Frameworks/Carbon.framework/Versions/A/Carbon
0x00007fff3854c000 	/System/Library/Frameworks/Carbon.framework/Versions/A/Frameworks/CommonPanels.framework/Versions/A/CommonPanels
0x00007fff38845000 	/System/Library/Frameworks/Carbon.framework/Versions/A/Frameworks/Help.framework/Versions/A/Help
0x00007fff38849000 	/System/Library/Frameworks/Carbon.framework/Versions/A/Frameworks/ImageCapture.framework/Versions/A/ImageCapture
0x00007fff38850000 	/System/Library/Frameworks/Carbon.framework/Versions/A/Frameworks/OpenScripting.framework/Versions/A/OpenScripting
0x00007fff3884f000 	/System/Library/Frameworks/Carbon.framework/Versions/A/Frameworks/Ink.framework/Versions/A/Ink
0x00007fff3888b000 	/System/Library/Frameworks/Carbon.framework/Versions/A/Frameworks/Print.framework/Versions/A/Print
0x00007fff3888c000 	/System/Library/Frameworks/Carbon.framework/Versions/A/Frameworks/SecurityHI.framework/Versions/A/SecurityHI
0x000000017e31e000 	/System/Library/Components/AudioCodecs.component/Contents/MacOS/AudioCodecs
0x00007fff4d227000 	/System/Library/PrivateFrameworks/AppleGVA.framework/Versions/A/AppleGVA
0x000000017e99e000 	/Users/xianglong/.javacpp/cache/ffmpeg-5.0-1.5.7-macosx-x86_64.jar/org/bytedeco/ffmpeg/macosx-x86_64/libavutil.57.dylib
0x000000017eb41000 	/Users/xianglong/.javacpp/cache/ffmpeg-5.0-1.5.7-macosx-x86_64.jar/org/bytedeco/ffmpeg/macosx-x86_64/libjniavutil.dylib
0x000000017ec45000 	/Users/xianglong/.javacpp/cache/ffmpeg-5.0-1.5.7-macosx-x86_64.jar/org/bytedeco/ffmpeg/macosx-x86_64/libswresample.4.dylib
0x000000017ec6b000 	/Users/xianglong/.javacpp/cache/ffmpeg-5.0-1.5.7-macosx-x86_64.jar/org/bytedeco/ffmpeg/macosx-x86_64/libjniswresample.dylib
0x000000017ec87000 	/Users/xianglong/.javacpp/cache/ffmpeg-5.0-1.5.7-macosx-x86_64.jar/org/bytedeco/ffmpeg/macosx-x86_64/libavcodec.59.dylib
0x000000018058c000 	/Users/xianglong/.javacpp/cache/ffmpeg-5.0-1.5.7-macosx-x86_64.jar/org/bytedeco/ffmpeg/macosx-x86_64/libjniavcodec.dylib
0x00000001807a3000 	/Users/xianglong/.javacpp/cache/ffmpeg-5.0-1.5.7-macosx-x86_64.jar/org/bytedeco/ffmpeg/macosx-x86_64/libavformat.59.dylib
0x0000000180650000 	/Users/xianglong/.javacpp/cache/ffmpeg-5.0-1.5.7-macosx-x86_64.jar/org/bytedeco/ffmpeg/macosx-x86_64/libjniavformat.dylib
0x00007fff72da9000 	/usr/lib/libusrtcp.dylib
0x0000000180dfd000 	/Users/xianglong/.javacpp/cache/ffmpeg-5.0-1.5.7-macosx-x86_64.jar/org/bytedeco/ffmpeg/macosx-x86_64/libswscale.6.dylib
0x00000001806f4000 	/Users/xianglong/.javacpp/cache/ffmpeg-5.0-1.5.7-macosx-x86_64.jar/org/bytedeco/ffmpeg/macosx-x86_64/libjniswscale.dylib

VM Arguments:
jvm_args: -Dfile.encoding=UTF-8 -Duser.country=CN -Duser.language=zh -Duser.variant 
java_command: com.cas.view.PushRtmpAndFlvStream
java_class_path (initial): /Users/xianglong/IdeaProjects/cas-tcp/build/classes/java/test:/Users/xianglong/IdeaProjects/cas-tcp/build/resources/test:/Users/xianglong/IdeaProjects/cas-tcp/build/classes/java/main:/Users/xianglong/IdeaProjects/cas-tcp/build/resources/main:/Users/xianglong/.gradle/caches/modules-2/files-2.1/com.alibaba/fastjson/1.2.61/2be84d3199e5b7c37948f0c248377a649ecffaf2/fastjson-1.2.61.jar:/Users/xianglong/.gradle/caches/modules-2/files-2.1/org.springframework.boot/spring-boot-starter-web/2.2.1.RELEASE/689213aca6e25e2aa9b377e61273aa3d31f30f60/spring-boot-starter-web-2.2.1.RELEASE.jar:/Users/xianglong/.gradle/caches/modules-2/files-2.1/org.projectlombok/lombok/1.18.12/48e4e5d60309ebd833bc528dcf77668eab3cd72c/lombok-1.18.12.jar:/Users/xianglong/.m2/repository/com/cas/cas-springboot-starter/0.0.5-SNAPSHOT/cas-springboot-starter-0.0.5-20210726.095754-1.jar:/Users/xianglong/.gradle/caches/modules-2/files-2.1/org.springframework.boot/spring-boot-starter-aop/2.2.1.RELEASE/f5f9988e816634100840c7f570763ea7e5e907d9/spring-boot-starter-aop-2.2.1.RELEASE.jar:/Users/xianglong/.gradle/caches/modules-2/files-2.1/org.bytedeco/javacv-platform/1.5.7/5452451f4800f7ead092fb926e4baf10e435285f/javacv-platform-1.5.7.jar:/Users/xianglong/.gradle/caches/modules-2/files-2.1/org.springframework.boot/spring-boot-starter-test/2.2.1.RELEASE/fae935b40f7a6b7eac7f5daef51e83c2ca978211/spring-boot-starter-test-2.2.1.RELEASE.jar:/Users/xianglong/.gradle/caches/modules-2/files-2.1/cn.hutool/hutool-all/5.7.7/cb9d62e30371f9f12f5fed899e88c20b1111f64/hutool-all-5.7.7.jar:/Users/xianglong/.gradle/caches/modules-2/files-2.1/org.springframework.boot/spring-boot-starter-json/2.2.1.RELEASE/2d9f5ad8a76edcf3c610e0f825d9c01563a6900a/spring-boot-starter-json-2.2.1.RELEASE.jar:/Users/xianglong/.gradle/caches/modules-2/files-2.1/org.springframework.boot/spring-boot-starter-validation/2.2.1.RELEASE/ea5bd9055951afe28f64a96524bfd0bf0d362313/spring-boot-starter-validation-2.2.1.RELEASE.jar:/Users/xiang
Launcher Type: SUN_STANDARD

Environment Variables:
PATH=/usr/local/ApacheMaven/bin:/Library/Frameworks/Python.framework/Versions/3.7/bin:/usr/local/bin:/usr/local/sbin:/usr/local/bin:/usr/bin:/bin:/usr/sbin:/sbin:/Applications/VMware Fusion.app/Contents/Public:/usr/local/go/bin:/usr/local/share/dotnet:~/.dotnet/tools:/Library/Frameworks/Mono.framework/Versions/Current/Commands:/usr/local/sbin:/usr/local/Cellar/redis/6.2.3/bin:/Users/xianglong/Desktop/soft/gradle-6.4.1/bin:/Users/xianglong/bin:/Users/xianglong/sdk/go1.13.4/bin
SHELL=/bin/zsh

Signal Handlers:
SIGSEGV: [libjvm.dylib+0x59afc1], sa_mask[0]=11111111011111110111111111111111, sa_flags=SA_ONSTACK|SA_RESTART|SA_SIGINFO
SIGBUS: [libjvm.dylib+0x59afc1], sa_mask[0]=11111111011111110111111111111111, sa_flags=SA_RESTART|SA_SIGINFO
SIGFPE: [libjvm.dylib+0x48e907], sa_mask[0]=11111111011111110111111111111111, sa_flags=SA_RESTART|SA_SIGINFO
SIGPIPE: [libjvm.dylib+0x48e907], sa_mask[0]=11111111011111110111111111111111, sa_flags=SA_RESTART|SA_SIGINFO
SIGXFSZ: [libjvm.dylib+0x48e907], sa_mask[0]=11111111011111110111111111111111, sa_flags=SA_RESTART|SA_SIGINFO
SIGILL: [libjvm.dylib+0x48e907], sa_mask[0]=11111111011111110111111111111111, sa_flags=SA_RESTART|SA_SIGINFO
SIGUSR1: SIG_DFL, sa_mask[0]=00000000000000000000000000000000, sa_flags=none
SIGUSR2: [libjvm.dylib+0x48f1f6], sa_mask[0]=00100000000000000000000000000000, sa_flags=SA_RESTART|SA_SIGINFO
SIGHUP: [libjvm.dylib+0x48d453], sa_mask[0]=11111111011111110111111111111111, sa_flags=SA_RESTART|SA_SIGINFO
SIGINT: [libjvm.dylib+0x48d453], sa_mask[0]=11111111011111110111111111111111, sa_flags=SA_RESTART|SA_SIGINFO
SIGTERM: [libjvm.dylib+0x48d453], sa_mask[0]=11111111011111110111111111111111, sa_flags=SA_RESTART|SA_SIGINFO
SIGQUIT: [libjvm.dylib+0x48d453], sa_mask[0]=11111111011111110111111111111111, sa_flags=SA_RESTART|SA_SIGINFO


---------------  S Y S T E M  ---------------

OS:Bsduname:Darwin 19.6.0 Darwin Kernel Version 19.6.0: Thu Oct 29 22:56:45 PDT 2020; root:xnu-6153.141.2.2~1/RELEASE_X86_64 x86_64
rlimit: STACK 8192k, CORE 0k, NPROC 2784, NOFILE 10240, AS infinity
load average:2.39 2.13 2.07

CPU:total 12 (initial active 12) (6 cores per cpu, 2 threads per core) family 6 model 158 stepping 10, cmov, cx8, fxsr, mmx, sse, sse2, sse3, ssse3, sse4.1, sse4.2, popcnt, avx, avx2, aes, clmul, erms, 3dnowpref, lzcnt, ht, tsc, tscinvbit, bmi1, bmi2, adx

Memory: 4k page, physical 16777216k(1007152k free)

/proc/meminfo:


vm_info: Java HotSpot(TM) 64-Bit Server VM (25.291-b10) for bsd-amd64 JRE (1.8.0_291-b10), built on Apr  8 2021 02:17:24 by "java_re" with gcc 4.2.1 Compatible Apple LLVM 11.0.0 (clang-1100.0.33.17)

time: Tue Apr  5 23:18:21 2022
timezone: CST
elapsed time: 4.081379 seconds (0d 0h 0m 4s)

